Arguments: 
  /home/hemesky/.nvm/versions/node/v16.3.0/bin/node /home/hemesky/.nvm/versions/node/v16.3.0/bin/yarn init

PATH: 
  /home/hemesky/.nvm/versions/node/v16.3.0/bin:/home/hemesky/WebstormProjects/CESI-MANGER-back/node_modules/.bin:/usr/local/sbin:/usr/local/bin:/usr/sbin:/usr/bin:/sbin:/bin:/usr/games:/usr/local/games:/snap/bin

Yarn version: 
  1.22.10

Node version: 
  16.3.0

Platform: 
  linux x64

Trace: 
  Error: canceled
      at Interface.<anonymous> (/home/hemesky/.nvm/versions/node/v16.3.0/lib/node_modules/yarn/lib/cli.js:136216:13)
      at Interface.emit (node:events:394:28)
      at Interface._ttyWrite (node:readline:1069:16)
      at ReadStream.onkeypress (node:readline:288:10)
      at ReadStream.emit (node:events:394:28)
      at emitKeys (node:internal/readline/utils:358:14)
      at emitKeys.next (<anonymous>)
      at ReadStream.onData (node:internal/readline/emitKeypressEvents:61:36)
      at ReadStream.emit (node:events:394:28)
      at addChunk (node:internal/streams/readable:312:12)

npm manifest: 
  {
    "name": "Centrale",
    "version": "1.0.0",
    "main": "index.js",
    "license": "MIT",
    "dependencies": {
      "express": "^4.17.1",
      "http-proxy-middleware": "^2.0.0",
      "morgan": "^1.10.0",
      "mssql": "^7.1.3",
      "tedious": "^11.0.9"
    },
    "scripts": {
      "start": "node index.js"
    },
    "devDependencies": {
      "@babel/core": "^7.14.6"
    }
  }

yarn manifest: 
  No manifest

Lockfile: 
  # THIS IS AN AUTOGENERATED FILE. DO NOT EDIT THIS FILE DIRECTLY.
  # yarn lockfile v1
  
  
  "@azure/abort-controller@^1.0.0":
    "integrity" "sha512-lNUmDRVGpanCsiUN3NWxFTdwmdFI53xwhkTFfHDGTYk46ca7Ind3nanJc+U6Zj9Tv+9nTCWRBscWEW1DyKOpTw=="
    "resolved" "https://registry.npmjs.org/@azure/abort-controller/-/abort-controller-1.0.4.tgz"
    "version" "1.0.4"
    dependencies:
      "tslib" "^2.0.0"
  
  "@azure/core-asynciterator-polyfill@^1.0.0":
    "integrity" "sha512-kmv8CGrPfN9SwMwrkiBK9VTQYxdFQEGe0BmQk+M8io56P9KNzpAxcWE/1fxJj7uouwN4kXF0BHW8DNlgx+wtCg=="
    "resolved" "https://registry.npmjs.org/@azure/core-asynciterator-polyfill/-/core-asynciterator-polyfill-1.0.0.tgz"
    "version" "1.0.0"
  
  "@azure/core-auth@^1.1.4", "@azure/core-auth@^1.3.0":
    "integrity" "sha512-kSDSZBL6c0CYdhb+7KuutnKGf2geeT+bCJAgccB0DD7wmNJSsQPcF7TcuoZX83B7VK4tLz/u+8sOO/CnCsYp8A=="
    "resolved" "https://registry.npmjs.org/@azure/core-auth/-/core-auth-1.3.0.tgz"
    "version" "1.3.0"
    dependencies:
      "@azure/abort-controller" "^1.0.0"
      "tslib" "^2.0.0"
  
  "@azure/core-http@^1.2.0", "@azure/core-http@^1.2.4":
    "integrity" "sha512-odtH7UMKtekc5YQ86xg9GlVHNXR6pq2JgJ5FBo7/jbOjNGdBqcrIVrZx2bevXVJz/uUTSx6vUf62gzTXTfqYSQ=="
    "resolved" "https://registry.npmjs.org/@azure/core-http/-/core-http-1.2.6.tgz"
    "version" "1.2.6"
    dependencies:
      "@azure/abort-controller" "^1.0.0"
      "@azure/core-asynciterator-polyfill" "^1.0.0"
      "@azure/core-auth" "^1.3.0"
      "@azure/core-tracing" "1.0.0-preview.11"
      "@azure/logger" "^1.0.0"
      "@types/node-fetch" "^2.5.0"
      "@types/tunnel" "^0.0.1"
      "form-data" "^3.0.0"
      "node-fetch" "^2.6.0"
      "process" "^0.11.10"
      "tough-cookie" "^4.0.0"
      "tslib" "^2.2.0"
      "tunnel" "^0.0.6"
      "uuid" "^8.3.0"
      "xml2js" "^0.4.19"
  
  "@azure/core-lro@^1.0.2":
    "integrity" "sha512-0EFCFZxARrIoLWMIRt4vuqconRVIO2Iin7nFBfJiYCCbKp5eEmxutNk8uqudPmG0XFl5YqlVh68/al/vbE5OOg=="
    "resolved" "https://registry.npmjs.org/@azure/core-lro/-/core-lro-1.0.5.tgz"
    "version" "1.0.5"
    dependencies:
      "@azure/abort-controller" "^1.0.0"
      "@azure/core-http" "^1.2.0"
      "@azure/core-tracing" "1.0.0-preview.11"
      "events" "^3.0.0"
      "tslib" "^2.0.0"
  
  "@azure/core-paging@^1.1.1":
    "integrity" "sha512-his7Ah40ThEYORSpIAwuh6B8wkGwO/zG7gqVtmSE4WAJ46e36zUDXTKReUCLBDc6HmjjApQQxxcRFy5FruG79A=="
    "resolved" "https://registry.npmjs.org/@azure/core-paging/-/core-paging-1.1.3.tgz"
    "version" "1.1.3"
    dependencies:
      "@azure/core-asynciterator-polyfill" "^1.0.0"
  
  "@azure/core-tracing@1.0.0-preview.11":
    "integrity" "sha512-frF0pJc9HTmKncVokhBxCqipjbql02DThQ1ZJ9wLi7SDMLdPAFyDI5xZNzX5guLz+/DtPkY+SGK2li9FIXqshQ=="
    "resolved" "https://registry.npmjs.org/@azure/core-tracing/-/core-tracing-1.0.0-preview.11.tgz"
    "version" "1.0.0-preview.11"
    dependencies:
      "@opencensus/web-types" "0.0.7"
      "@opentelemetry/api" "1.0.0-rc.0"
      "tslib" "^2.0.0"
  
  "@azure/identity@^1.3.0":
    "integrity" "sha512-qYTaWA+5ir4+/iEry7n3l1TyeNhTHP8IRpjsbNv8ur8W/QjqZmCz1H2naebRp5tQmehXfo1pUrp2ew+qGhTh0g=="
    "resolved" "https://registry.npmjs.org/@azure/identity/-/identity-1.3.0.tgz"
    "version" "1.3.0"
    dependencies:
      "@azure/core-http" "^1.2.4"
      "@azure/core-tracing" "1.0.0-preview.11"
      "@azure/logger" "^1.0.0"
      "@azure/msal-node" "1.0.0-beta.6"
      "@types/stoppable" "^1.1.0"
      "axios" "^0.21.1"
      "events" "^3.0.0"
      "jws" "^4.0.0"
      "msal" "^1.0.2"
      "open" "^7.0.0"
      "qs" "^6.7.0"
      "stoppable" "^1.1.0"
      "tslib" "^2.0.0"
      "uuid" "^8.3.0"
    optionalDependencies:
      "keytar" "^7.3.0"
  
  "@azure/keyvault-keys@^4.1.0":
    "integrity" "sha512-bO3Dl4cJgOkYSLudmzkSFg4os4gsDvaUozcJ9ZKdqZjIp/RHIZRFytbRcNe40rpKH2iLXcavNGVpMvEzAfERyQ=="
    "resolved" "https://registry.npmjs.org/@azure/keyvault-keys/-/keyvault-keys-4.2.1.tgz"
    "version" "4.2.1"
    dependencies:
      "@azure/abort-controller" "^1.0.0"
      "@azure/core-http" "^1.2.0"
      "@azure/core-lro" "^1.0.2"
      "@azure/core-paging" "^1.1.1"
      "@azure/core-tracing" "1.0.0-preview.11"
      "@azure/logger" "^1.0.0"
      "tslib" "^2.2.0"
  
  "@azure/logger@^1.0.0":
    "integrity" "sha512-YZNjNV0vL3nN2nedmcjQBcpCTo3oqceXmgiQtEm6fLpucjRZyQKAQruhCmCpRlB1iykqKJJ/Y8CDmT5rIE6IJw=="
    "resolved" "https://registry.npmjs.org/@azure/logger/-/logger-1.0.2.tgz"
    "version" "1.0.2"
    dependencies:
      "tslib" "^2.0.0"
  
  "@azure/ms-rest-azure-env@^2.0.0":
    "integrity" "sha512-dG76W7ElfLi+fbTjnZVGj+M9e0BIEJmRxU6fHaUQ12bZBe8EJKYb2GV50YWNaP2uJiVQ5+7nXEVj1VN1UQtaEw=="
    "resolved" "https://registry.npmjs.org/@azure/ms-rest-azure-env/-/ms-rest-azure-env-2.0.0.tgz"
    "version" "2.0.0"
  
  "@azure/ms-rest-js@^2.0.4":
    "integrity" "sha512-9nCuuoYwHZEZw1t0MVtENH+c1k2R4maYAlBBDSZhZu6bEucyfYUUigNXXKjt2cFBt4sO+sTzi0uI0f/fiPFr+Q=="
    "resolved" "https://registry.npmjs.org/@azure/ms-rest-js/-/ms-rest-js-2.5.2.tgz"
    "version" "2.5.2"
    dependencies:
      "@azure/core-auth" "^1.1.4"
      "abort-controller" "^3.0.0"
      "form-data" "^2.5.0"
      "node-fetch" "^2.6.0"
      "tough-cookie" "^3.0.1"
      "tslib" "^1.10.0"
      "tunnel" "0.0.6"
      "uuid" "^3.3.2"
      "xml2js" "^0.4.19"
  
  "@azure/ms-rest-nodeauth@^3.0.6":
    "integrity" "sha512-oel7ibYlredh2wo7XwNYMx4jWlbMkIzCC8t8VpdhsAWDJVNSSce+DYj5jjZn1oED+QsCytVM2B7/QTuLN1/yDw=="
    "resolved" "https://registry.npmjs.org/@azure/ms-rest-nodeauth/-/ms-rest-nodeauth-3.0.10.tgz"
    "version" "3.0.10"
    dependencies:
      "@azure/ms-rest-azure-env" "^2.0.0"
      "@azure/ms-rest-js" "^2.0.4"
      "adal-node" "^0.2.2"
  
  "@azure/msal-common@^4.0.0":
    "integrity" "sha512-jFqUWe83wVb6O8cNGGBFg2QlKvqM1ezUgJTEV7kIsAPX0RXhGFE4B1DLNt6hCnkTXDbw+KGW0zgxOEr4MJQwLw=="
    "resolved" "https://registry.npmjs.org/@azure/msal-common/-/msal-common-4.3.0.tgz"
    "version" "4.3.0"
    dependencies:
      "debug" "^4.1.1"
  
  "@azure/msal-node@1.0.0-beta.6":
    "integrity" "sha512-ZQI11Uz1j0HJohb9JZLRD8z0moVcPks1AFW4Q/Gcl67+QvH4aKEJti7fjCcipEEZYb/qzLSO8U6IZgPYytsiJQ=="
    "resolved" "https://registry.npmjs.org/@azure/msal-node/-/msal-node-1.0.0-beta.6.tgz"
    "version" "1.0.0-beta.6"
    dependencies:
      "@azure/msal-common" "^4.0.0"
      "axios" "^0.21.1"
      "jsonwebtoken" "^8.5.1"
      "uuid" "^8.3.0"
  
  "@babel/code-frame@^7.14.5":
    "integrity" "sha512-9pzDqyc6OLDaqe+zbACgFkb6fKMNG6CObKpnYXChRsvYGyEdc7CA2BaqeOM+vOtCS5ndmJicPJhKAwYRI6UfFw=="
    "resolved" "https://registry.npmjs.org/@babel/code-frame/-/code-frame-7.14.5.tgz"
    "version" "7.14.5"
    dependencies:
      "@babel/highlight" "^7.14.5"
  
  "@babel/compat-data@^7.14.5":
    "integrity" "sha512-nS6dZaISCXJ3+518CWiBfEr//gHyMO02uDxBkXTKZDN5POruCnOZ1N4YBRZDCabwF8nZMWBpRxIicmXtBs+fvw=="
    "resolved" "https://registry.npmjs.org/@babel/compat-data/-/compat-data-7.14.7.tgz"
    "version" "7.14.7"
  
  "@babel/core@^7.0.0", "@babel/core@^7.14.6":
    "integrity" "sha512-gJnOEWSqTk96qG5BoIrl5bVtc23DCycmIePPYnamY9RboYdI4nFy5vAQMSl81O5K/W0sLDWfGysnOECC+KUUCA=="
    "resolved" "https://registry.npmjs.org/@babel/core/-/core-7.14.6.tgz"
    "version" "7.14.6"
    dependencies:
      "@babel/code-frame" "^7.14.5"
      "@babel/generator" "^7.14.5"
      "@babel/helper-compilation-targets" "^7.14.5"
      "@babel/helper-module-transforms" "^7.14.5"
      "@babel/helpers" "^7.14.6"
      "@babel/parser" "^7.14.6"
      "@babel/template" "^7.14.5"
      "@babel/traverse" "^7.14.5"
      "@babel/types" "^7.14.5"
      "convert-source-map" "^1.7.0"
      "debug" "^4.1.0"
      "gensync" "^1.0.0-beta.2"
      "json5" "^2.1.2"
      "semver" "^6.3.0"
      "source-map" "^0.5.0"
  
  "@babel/generator@^7.14.5":
    "integrity" "sha512-y3rlP+/G25OIX3mYKKIOlQRcqj7YgrvHxOLbVmyLJ9bPmi5ttvUmpydVjcFjZphOktWuA7ovbx91ECloWTfjIA=="
    "resolved" "https://registry.npmjs.org/@babel/generator/-/generator-7.14.5.tgz"
    "version" "7.14.5"
    dependencies:
      "@babel/types" "^7.14.5"
      "jsesc" "^2.5.1"
      "source-map" "^0.5.0"
  
  "@babel/helper-compilation-targets@^7.14.5":
    "integrity" "sha512-v+QtZqXEiOnpO6EYvlImB6zCD2Lel06RzOPzmkz/D/XgQiUu3C/Jb1LOqSt/AIA34TYi/Q+KlT8vTQrgdxkbLw=="
    "resolved" "https://registry.npmjs.org/@babel/helper-compilation-targets/-/helper-compilation-targets-7.14.5.tgz"
    "version" "7.14.5"
    dependencies:
      "@babel/compat-data" "^7.14.5"
      "@babel/helper-validator-option" "^7.14.5"
      "browserslist" "^4.16.6"
      "semver" "^6.3.0"
  
  "@babel/helper-function-name@^7.14.5":
    "integrity" "sha512-Gjna0AsXWfFvrAuX+VKcN/aNNWonizBj39yGwUzVDVTlMYJMK2Wp6xdpy72mfArFq5uK+NOuexfzZlzI1z9+AQ=="
    "resolved" "https://registry.npmjs.org/@babel/helper-function-name/-/helper-function-name-7.14.5.tgz"
    "version" "7.14.5"
    dependencies:
      "@babel/helper-get-function-arity" "^7.14.5"
      "@babel/template" "^7.14.5"
      "@babel/types" "^7.14.5"
  
  "@babel/helper-get-function-arity@^7.14.5":
    "integrity" "sha512-I1Db4Shst5lewOM4V+ZKJzQ0JGGaZ6VY1jYvMghRjqs6DWgxLCIyFt30GlnKkfUeFLpJt2vzbMVEXVSXlIFYUg=="
    "resolved" "https://registry.npmjs.org/@babel/helper-get-function-arity/-/helper-get-function-arity-7.14.5.tgz"
    "version" "7.14.5"
    dependencies:
      "@babel/types" "^7.14.5"
  
  "@babel/helper-hoist-variables@^7.14.5":
    "integrity" "sha512-R1PXiz31Uc0Vxy4OEOm07x0oSjKAdPPCh3tPivn/Eo8cvz6gveAeuyUUPB21Hoiif0uoPQSSdhIPS3352nvdyQ=="
    "resolved" "https://registry.npmjs.org/@babel/helper-hoist-variables/-/helper-hoist-variables-7.14.5.tgz"
    "version" "7.14.5"
    dependencies:
      "@babel/types" "^7.14.5"
  
  "@babel/helper-member-expression-to-functions@^7.14.5":
    "integrity" "sha512-TMUt4xKxJn6ccjcOW7c4hlwyJArizskAhoSTOCkA0uZ+KghIaci0Qg9R043kUMWI9mtQfgny+NQ5QATnZ+paaA=="
    "resolved" "https://registry.npmjs.org/@babel/helper-member-expression-to-functions/-/helper-member-expression-to-functions-7.14.7.tgz"
    "version" "7.14.7"
    dependencies:
      "@babel/types" "^7.14.5"
  
  "@babel/helper-module-imports@^7.14.5":
    "integrity" "sha512-SwrNHu5QWS84XlHwGYPDtCxcA0hrSlL2yhWYLgeOc0w7ccOl2qv4s/nARI0aYZW+bSwAL5CukeXA47B/1NKcnQ=="
    "resolved" "https://registry.npmjs.org/@babel/helper-module-imports/-/helper-module-imports-7.14.5.tgz"
    "version" "7.14.5"
    dependencies:
      "@babel/types" "^7.14.5"
  
  "@babel/helper-module-transforms@^7.14.5":
    "integrity" "sha512-iXpX4KW8LVODuAieD7MzhNjmM6dzYY5tfRqT+R9HDXWl0jPn/djKmA+G9s/2C2T9zggw5tK1QNqZ70USfedOwA=="
    "resolved" "https://registry.npmjs.org/@babel/helper-module-transforms/-/helper-module-transforms-7.14.5.tgz"
    "version" "7.14.5"
    dependencies:
      "@babel/helper-module-imports" "^7.14.5"
      "@babel/helper-replace-supers" "^7.14.5"
      "@babel/helper-simple-access" "^7.14.5"
      "@babel/helper-split-export-declaration" "^7.14.5"
      "@babel/helper-validator-identifier" "^7.14.5"
      "@babel/template" "^7.14.5"
      "@babel/traverse" "^7.14.5"
      "@babel/types" "^7.14.5"
  
  "@babel/helper-optimise-call-expression@^7.14.5":
    "integrity" "sha512-IqiLIrODUOdnPU9/F8ib1Fx2ohlgDhxnIDU7OEVi+kAbEZcyiF7BLU8W6PfvPi9LzztjS7kcbzbmL7oG8kD6VA=="
    "resolved" "https://registry.npmjs.org/@babel/helper-optimise-call-expression/-/helper-optimise-call-expression-7.14.5.tgz"
    "version" "7.14.5"
    dependencies:
      "@babel/types" "^7.14.5"
  
  "@babel/helper-replace-supers@^7.14.5":
    "integrity" "sha512-3i1Qe9/8x/hCHINujn+iuHy+mMRLoc77b2nI9TB0zjH1hvn9qGlXjWlggdwUcju36PkPCy/lpM7LLUdcTyH4Ow=="
    "resolved" "https://registry.npmjs.org/@babel/helper-replace-supers/-/helper-replace-supers-7.14.5.tgz"
    "version" "7.14.5"
    dependencies:
      "@babel/helper-member-expression-to-functions" "^7.14.5"
      "@babel/helper-optimise-call-expression" "^7.14.5"
      "@babel/traverse" "^7.14.5"
      "@babel/types" "^7.14.5"
  
  "@babel/helper-simple-access@^7.14.5":
    "integrity" "sha512-nfBN9xvmCt6nrMZjfhkl7i0oTV3yxR4/FztsbOASyTvVcoYd0TRHh7eMLdlEcCqobydC0LAF3LtC92Iwxo0wyw=="
    "resolved" "https://registry.npmjs.org/@babel/helper-simple-access/-/helper-simple-access-7.14.5.tgz"
    "version" "7.14.5"
    dependencies:
      "@babel/types" "^7.14.5"
  
  "@babel/helper-split-export-declaration@^7.14.5":
    "integrity" "sha512-hprxVPu6e5Kdp2puZUmvOGjaLv9TCe58E/Fl6hRq4YiVQxIcNvuq6uTM2r1mT/oPskuS9CgR+I94sqAYv0NGKA=="
    "resolved" "https://registry.npmjs.org/@babel/helper-split-export-declaration/-/helper-split-export-declaration-7.14.5.tgz"
    "version" "7.14.5"
    dependencies:
      "@babel/types" "^7.14.5"
  
  "@babel/helper-validator-identifier@^7.14.5":
    "integrity" "sha512-5lsetuxCLilmVGyiLEfoHBRX8UCFD+1m2x3Rj97WrW3V7H3u4RWRXA4evMjImCsin2J2YT0QaVDGf+z8ondbAg=="
    "resolved" "https://registry.npmjs.org/@babel/helper-validator-identifier/-/helper-validator-identifier-7.14.5.tgz"
    "version" "7.14.5"
  
  "@babel/helper-validator-option@^7.14.5":
    "integrity" "sha512-OX8D5eeX4XwcroVW45NMvoYaIuFI+GQpA2a8Gi+X/U/cDUIRsV37qQfF905F0htTRCREQIB4KqPeaveRJUl3Ow=="
    "resolved" "https://registry.npmjs.org/@babel/helper-validator-option/-/helper-validator-option-7.14.5.tgz"
    "version" "7.14.5"
  
  "@babel/helpers@^7.14.6":
    "integrity" "sha512-yesp1ENQBiLI+iYHSJdoZKUtRpfTlL1grDIX9NRlAVppljLw/4tTyYupIB7uIYmC3stW/imAv8EqaKaS/ibmeA=="
    "resolved" "https://registry.npmjs.org/@babel/helpers/-/helpers-7.14.6.tgz"
    "version" "7.14.6"
    dependencies:
      "@babel/template" "^7.14.5"
      "@babel/traverse" "^7.14.5"
      "@babel/types" "^7.14.5"
  
  "@babel/highlight@^7.14.5":
    "integrity" "sha512-qf9u2WFWVV0MppaL877j2dBtQIDgmidgjGk5VIMw3OadXvYaXn66U1BFlH2t4+t3i+8PhedppRv+i40ABzd+gg=="
    "resolved" "https://registry.npmjs.org/@babel/highlight/-/highlight-7.14.5.tgz"
    "version" "7.14.5"
    dependencies:
      "@babel/helper-validator-identifier" "^7.14.5"
      "chalk" "^2.0.0"
      "js-tokens" "^4.0.0"
  
  "@babel/parser@^7.14.5", "@babel/parser@^7.14.6", "@babel/parser@^7.14.7":
    "integrity" "sha512-X67Z5y+VBJuHB/RjwECp8kSl5uYi0BvRbNeWqkaJCVh+LiTPl19WBUfG627psSgp9rSf6ojuXghQM3ha6qHHdA=="
    "resolved" "https://registry.npmjs.org/@babel/parser/-/parser-7.14.7.tgz"
    "version" "7.14.7"
  
  "@babel/template@^7.14.5":
    "integrity" "sha512-6Z3Po85sfxRGachLULUhOmvAaOo7xCvqGQtxINai2mEGPFm6pQ4z5QInFnUrRpfoSV60BnjyF5F3c+15fxFV1g=="
    "resolved" "https://registry.npmjs.org/@babel/template/-/template-7.14.5.tgz"
    "version" "7.14.5"
    dependencies:
      "@babel/code-frame" "^7.14.5"
      "@babel/parser" "^7.14.5"
      "@babel/types" "^7.14.5"
  
  "@babel/traverse@^7.14.5":
    "integrity" "sha512-9vDr5NzHu27wgwejuKL7kIOm4bwEtaPQ4Z6cpCmjSuaRqpH/7xc4qcGEscwMqlkwgcXl6MvqoAjZkQ24uSdIZQ=="
    "resolved" "https://registry.npmjs.org/@babel/traverse/-/traverse-7.14.7.tgz"
    "version" "7.14.7"
    dependencies:
      "@babel/code-frame" "^7.14.5"
      "@babel/generator" "^7.14.5"
      "@babel/helper-function-name" "^7.14.5"
      "@babel/helper-hoist-variables" "^7.14.5"
      "@babel/helper-split-export-declaration" "^7.14.5"
      "@babel/parser" "^7.14.7"
      "@babel/types" "^7.14.5"
      "debug" "^4.1.0"
      "globals" "^11.1.0"
  
  "@babel/types@^7.14.5":
    "integrity" "sha512-M/NzBpEL95I5Hh4dwhin5JlE7EzO5PHMAuzjxss3tiOBD46KfQvVedN/3jEPZvdRvtsK2222XfdHogNIttFgcg=="
    "resolved" "https://registry.npmjs.org/@babel/types/-/types-7.14.5.tgz"
    "version" "7.14.5"
    dependencies:
      "@babel/helper-validator-identifier" "^7.14.5"
      "to-fast-properties" "^2.0.0"
  
  "@js-joda/core@^3.2.0":
    "integrity" "sha512-PMqgJ0sw5B7FKb2d5bWYIoxjri+QlW/Pys7+Rw82jSH0QN3rB05jZ/VrrsUdh1w4+i2kw9JOejXGq/KhDOX7Kg=="
    "resolved" "https://registry.npmjs.org/@js-joda/core/-/core-3.2.0.tgz"
    "version" "3.2.0"
  
  "@opencensus/web-types@0.0.7":
    "integrity" "sha512-xB+w7ZDAu3YBzqH44rCmG9/RlrOmFuDPt/bpf17eJr8eZSrLt7nc7LnWdxM9Mmoj/YKMHpxRg28txu3TcpiL+g=="
    "resolved" "https://registry.npmjs.org/@opencensus/web-types/-/web-types-0.0.7.tgz"
    "version" "0.0.7"
  
  "@opentelemetry/api@1.0.0-rc.0":
    "integrity" "sha512-iXKByCMfrlO5S6Oh97BuM56tM2cIBB0XsL/vWF/AtJrJEKx4MC/Xdu0xDsGXMGcNWpqF7ujMsjjnp0+UHBwnDQ=="
    "resolved" "https://registry.npmjs.org/@opentelemetry/api/-/api-1.0.0-rc.0.tgz"
    "version" "1.0.0-rc.0"
  
  "@tediousjs/connection-string@^0.3.0":
    "integrity" "sha512-d/keJiNKfpHo+GmSB8QcsAwBx8h+V1UbdozA5TD+eSLXprNY53JAYub47J9evsSKWDdNG5uVj0FiMozLKuzowQ=="
    "resolved" "https://registry.npmjs.org/@tediousjs/connection-string/-/connection-string-0.3.0.tgz"
    "version" "0.3.0"
  
  "@types/http-proxy@^1.17.5":
    "integrity" "sha512-+qsjqR75S/ib0ig0R9WN+CDoZeOBU6F2XLewgC4KVgdXiNHiKKHFEMRHOrs5PbYE97D5vataw5wPj4KLYfUkuQ=="
    "resolved" "https://registry.npmjs.org/@types/http-proxy/-/http-proxy-1.17.6.tgz"
    "version" "1.17.6"
    dependencies:
      "@types/node" "*"
  
  "@types/node-fetch@^2.5.0":
    "integrity" "sha512-IpkX0AasN44hgEad0gEF/V6EgR5n69VEqPEgnmoM8GsIGro3PowbWs4tR6IhxUTyPLpOn+fiGG6nrQhcmoCuIQ=="
    "resolved" "https://registry.npmjs.org/@types/node-fetch/-/node-fetch-2.5.10.tgz"
    "version" "2.5.10"
    dependencies:
      "@types/node" "*"
      "form-data" "^3.0.0"
  
  "@types/node@*":
    "integrity" "sha512-zrNj1+yqYF4WskCMOHwN+w9iuD12+dGm0rQ35HLl9/Ouuq52cEtd0CH9qMgrdNmi5ejC1/V7vKEXYubB+65DkA=="
    "resolved" "https://registry.npmjs.org/@types/node/-/node-15.12.4.tgz"
    "version" "15.12.4"
  
  "@types/node@^8.0.47":
    "integrity" "sha512-tktOkFUA4kXx2hhhrB8bIFb5TbwzS4uOhKEmwiD+NoiL0qtP2OQ9mFldbgD4dV1djrlBYP6eBuQZiWjuHUpqFw=="
    "resolved" "https://registry.npmjs.org/@types/node/-/node-8.10.66.tgz"
    "version" "8.10.66"
  
  "@types/stoppable@^1.1.0":
    "integrity" "sha512-b8N+fCADRIYYrGZOcmOR8ZNBOqhktWTB/bMUl5LvGtT201QKJZOOH5UsFyI3qtteM6ZAJbJqZoBcLqqxKIwjhw=="
    "resolved" "https://registry.npmjs.org/@types/stoppable/-/stoppable-1.1.1.tgz"
    "version" "1.1.1"
    dependencies:
      "@types/node" "*"
  
  "@types/tunnel@^0.0.1":
    "integrity" "sha512-AOqu6bQu5MSWwYvehMXLukFHnupHrpZ8nvgae5Ggie9UwzDR1CCwoXgSSWNZJuyOlCdfdsWMA5F2LlmvyoTv8A=="
    "resolved" "https://registry.npmjs.org/@types/tunnel/-/tunnel-0.0.1.tgz"
    "version" "0.0.1"
    dependencies:
      "@types/node" "*"
  
  "abort-controller@^3.0.0":
    "integrity" "sha512-h8lQ8tacZYnR3vNQTgibj+tODHI5/+l06Au2Pcriv/Gmet0eaj4TwWH41sO9wnHDiQsEj19q0drzdWdeAHtweg=="
    "resolved" "https://registry.npmjs.org/abort-controller/-/abort-controller-3.0.0.tgz"
    "version" "3.0.0"
    dependencies:
      "event-target-shim" "^5.0.0"
  
  "accepts@~1.3.7":
    "integrity" "sha512-Il80Qs2WjYlJIBNzNkK6KYqlVMTbZLXgHx2oT0pU/fjRHyEp+PEfEPY0R3WCwAGVOtauxh1hOxNgIf5bv7dQpA=="
    "resolved" "https://registry.npmjs.org/accepts/-/accepts-1.3.7.tgz"
    "version" "1.3.7"
    dependencies:
      "mime-types" "~2.1.24"
      "negotiator" "0.6.2"
  
  "adal-node@^0.2.1", "adal-node@^0.2.2":
    "integrity" "sha512-luzQ9cXOjUlZoCiWeYbyR+nHwScSrPTDTbOInFphQs/PnwNz6wAIVkbsHEXtvYBnjLctByTTI8ccfpGX100oRQ=="
    "resolved" "https://registry.npmjs.org/adal-node/-/adal-node-0.2.2.tgz"
    "version" "0.2.2"
    dependencies:
      "@types/node" "^8.0.47"
      "async" "^2.6.3"
      "axios" "^0.21.1"
      "date-utils" "*"
      "jws" "3.x.x"
      "underscore" ">= 1.3.1"
      "uuid" "^3.1.0"
      "xmldom" ">= 0.1.x"
      "xpath.js" "~1.1.0"
  
  "ansi-regex@^2.0.0":
    "integrity" "sha1-w7M6te42DYbg5ijwRorn7yfWVN8="
    "resolved" "https://registry.npmjs.org/ansi-regex/-/ansi-regex-2.1.1.tgz"
    "version" "2.1.1"
  
  "ansi-styles@^3.2.1":
    "integrity" "sha512-VT0ZI6kZRdTh8YyJw3SMbYm/u+NqfsAxEpWO0Pf9sq8/e94WxxOpPKx9FR1FlyCtOVDNOQ+8ntlqFxiRc+r5qA=="
    "resolved" "https://registry.npmjs.org/ansi-styles/-/ansi-styles-3.2.1.tgz"
    "version" "3.2.1"
    dependencies:
      "color-convert" "^1.9.0"
  
  "aproba@^1.0.3":
    "integrity" "sha512-Y9J6ZjXtoYh8RnXVCMOU/ttDmk1aBjunq9vO0ta5x85WDQiQfUF9sIPBITdbiiIVcBo03Hi3jMxigBtsddlXRw=="
    "resolved" "https://registry.npmjs.org/aproba/-/aproba-1.2.0.tgz"
    "version" "1.2.0"
  
  "are-we-there-yet@~1.1.2":
    "integrity" "sha512-5hYdAkZlcG8tOLujVDTgCT+uPX0VnpAH28gWsLfzpXYm7wP6mp5Q/gYyR7YQ0cKVJcXJnl3j2kpBan13PtQf6w=="
    "resolved" "https://registry.npmjs.org/are-we-there-yet/-/are-we-there-yet-1.1.5.tgz"
    "version" "1.1.5"
    dependencies:
      "delegates" "^1.0.0"
      "readable-stream" "^2.0.6"
  
  "array-flatten@1.1.1":
    "integrity" "sha1-ml9pkFGx5wczKPKgCJaLZOopVdI="
    "resolved" "https://registry.npmjs.org/array-flatten/-/array-flatten-1.1.1.tgz"
    "version" "1.1.1"
  
  "async@^2.6.3":
    "integrity" "sha512-zflvls11DCy+dQWzTW2dzuilv8Z5X/pjfmZOWba6TNIVDm+2UDaJmXSOXlasHKfNBs8oo3M0aT50fDEWfKZjXg=="
    "resolved" "https://registry.npmjs.org/async/-/async-2.6.3.tgz"
    "version" "2.6.3"
    dependencies:
      "lodash" "^4.17.14"
  
  "asynckit@^0.4.0":
    "integrity" "sha1-x57Zf380y48robyXkLzDZkdLS3k="
    "resolved" "https://registry.npmjs.org/asynckit/-/asynckit-0.4.0.tgz"
    "version" "0.4.0"
  
  "axios@^0.21.1":
    "integrity" "sha512-dKQiRHxGD9PPRIUNIWvZhPTPpl1rf/OxTYKsqKUDjBwYylTvV7SjSHJb9ratfyzM6wCdLCOYLzs73qpg5c4iGA=="
    "resolved" "https://registry.npmjs.org/axios/-/axios-0.21.1.tgz"
    "version" "0.21.1"
    dependencies:
      "follow-redirects" "^1.10.0"
  
  "base64-js@^1.3.1":
    "integrity" "sha512-AKpaYlHn8t4SVbOHCy+b5+KKgvR4vrsD8vbvrbiQJps7fKDTkjkDry6ji0rUJjC0kzbNePLwzxq8iypo41qeWA=="
    "resolved" "https://registry.npmjs.org/base64-js/-/base64-js-1.5.1.tgz"
    "version" "1.5.1"
  
  "basic-auth@~2.0.1":
    "integrity" "sha512-NF+epuEdnUYVlGuhaxbbq+dvJttwLnGY+YixlXlME5KpQ5W3CnXA5cVTneY3SPbPDRkcjMbifrwmFYcClgOZeg=="
    "resolved" "https://registry.npmjs.org/basic-auth/-/basic-auth-2.0.1.tgz"
    "version" "2.0.1"
    dependencies:
      "safe-buffer" "5.1.2"
  
  "bl@^4.0.3":
    "integrity" "sha512-1W07cM9gS6DcLperZfFSj+bWLtaPGSOHWhPiGzXmvVJbRLdG82sH/Kn8EtW1VqWVA54AKf2h5k5BbnIbwF3h6w=="
    "resolved" "https://registry.npmjs.org/bl/-/bl-4.1.0.tgz"
    "version" "4.1.0"
    dependencies:
      "buffer" "^5.5.0"
      "inherits" "^2.0.4"
      "readable-stream" "^3.4.0"
  
  "body-parser@1.19.0":
    "integrity" "sha512-dhEPs72UPbDnAQJ9ZKMNTP6ptJaionhP5cBb541nXPlW60Jepo9RV/a4fX4XWW9CuFNK22krhrj1+rgzifNCsw=="
    "resolved" "https://registry.npmjs.org/body-parser/-/body-parser-1.19.0.tgz"
    "version" "1.19.0"
    dependencies:
      "bytes" "3.1.0"
      "content-type" "~1.0.4"
      "debug" "2.6.9"
      "depd" "~1.1.2"
      "http-errors" "1.7.2"
      "iconv-lite" "0.4.24"
      "on-finished" "~2.3.0"
      "qs" "6.7.0"
      "raw-body" "2.4.0"
      "type-is" "~1.6.17"
  
  "braces@^3.0.1":
    "integrity" "sha512-b8um+L1RzM3WDSzvhm6gIz1yfTbBt6YTlcEKAvsmqCZZFw46z626lVj9j1yEPW33H5H+lBQpZMP1k8l+78Ha0A=="
    "resolved" "https://registry.npmjs.org/braces/-/braces-3.0.2.tgz"
    "version" "3.0.2"
    dependencies:
      "fill-range" "^7.0.1"
  
  "browserslist@^4.16.6":
    "integrity" "sha512-Wspk/PqO+4W9qp5iUTJsa1B/QrYn1keNCcEP5OvP7WBwT4KaDly0uONYmC6Xa3Z5IqnUgS0KcgLYu1l74x0ZXQ=="
    "resolved" "https://registry.npmjs.org/browserslist/-/browserslist-4.16.6.tgz"
    "version" "4.16.6"
    dependencies:
      "caniuse-lite" "^1.0.30001219"
      "colorette" "^1.2.2"
      "electron-to-chromium" "^1.3.723"
      "escalade" "^3.1.1"
      "node-releases" "^1.1.71"
  
  "buffer-equal-constant-time@1.0.1":
    "integrity" "sha1-+OcRMvf/5uAaXJaXpMbz5I1cyBk="
    "resolved" "https://registry.npmjs.org/buffer-equal-constant-time/-/buffer-equal-constant-time-1.0.1.tgz"
    "version" "1.0.1"
  
  "buffer@^5.5.0":
    "integrity" "sha512-EHcyIPBQ4BSGlvjB16k5KgAJ27CIsHY/2JBmCRReo48y9rQ3MaUzWX3KVlBa4U7MyX02HdVj0K7C3WaB3ju7FQ=="
    "resolved" "https://registry.npmjs.org/buffer/-/buffer-5.7.1.tgz"
    "version" "5.7.1"
    dependencies:
      "base64-js" "^1.3.1"
      "ieee754" "^1.1.13"
  
  "bytes@3.1.0":
    "integrity" "sha512-zauLjrfCG+xvoyaqLoV8bLVXXNGC4JqlxFCutSDWA6fJrTo2ZuvLYTqZ7aHBLZSMOopbzwv8f+wZcVzfVTI2Dg=="
    "resolved" "https://registry.npmjs.org/bytes/-/bytes-3.1.0.tgz"
    "version" "3.1.0"
  
  "caniuse-lite@^1.0.30001219":
    "integrity" "sha512-cyBkXJDMeI4wthy8xJ2FvDU6+0dtcZSJW3voUF8+e9f1bBeuvyZfc3PNbkOETyhbR+dGCPzn9E7MA3iwzusOhQ=="
    "resolved" "https://registry.npmjs.org/caniuse-lite/-/caniuse-lite-1.0.30001239.tgz"
    "version" "1.0.30001239"
  
  "chalk@^2.0.0":
    "integrity" "sha512-Mti+f9lpJNcwF4tWV8/OrTTtF1gZi+f8FqlyAdouralcFWFQWF2+NgCHShjkCb+IFBLq9buZwE1xckQU4peSuQ=="
    "resolved" "https://registry.npmjs.org/chalk/-/chalk-2.4.2.tgz"
    "version" "2.4.2"
    dependencies:
      "ansi-styles" "^3.2.1"
      "escape-string-regexp" "^1.0.5"
      "supports-color" "^5.3.0"
  
  "chownr@^1.1.1":
    "integrity" "sha512-jJ0bqzaylmJtVnNgzTeSOs8DPavpbYgEr/b0YL8/2GO3xJEhInFmhKMUnEJQjZumK7KXGFhUy89PrsJWlakBVg=="
    "resolved" "https://registry.npmjs.org/chownr/-/chownr-1.1.4.tgz"
    "version" "1.1.4"
  
  "code-point-at@^1.0.0":
    "integrity" "sha1-DQcLTQQ6W+ozovGkDi7bPZpMz3c="
    "resolved" "https://registry.npmjs.org/code-point-at/-/code-point-at-1.1.0.tgz"
    "version" "1.1.0"
  
  "color-convert@^1.9.0":
    "integrity" "sha512-QfAUtd+vFdAtFQcC8CCyYt1fYWxSqAiK2cSD6zDB8N3cpsEBAvRxp9zOGg6G/SHHJYAT88/az/IuDGALsNVbGg=="
    "resolved" "https://registry.npmjs.org/color-convert/-/color-convert-1.9.3.tgz"
    "version" "1.9.3"
    dependencies:
      "color-name" "1.1.3"
  
  "color-name@1.1.3":
    "integrity" "sha1-p9BVi9icQveV3UIyj3QIMcpTvCU="
    "resolved" "https://registry.npmjs.org/color-name/-/color-name-1.1.3.tgz"
    "version" "1.1.3"
  
  "colorette@^1.2.2":
    "integrity" "sha512-MKGMzyfeuutC/ZJ1cba9NqcNpfeqMUcYmyF1ZFY6/Cn7CNSAKx6a+s48sqLqyAiZuaP2TcqMhoo+dlwFnVxT9w=="
    "resolved" "https://registry.npmjs.org/colorette/-/colorette-1.2.2.tgz"
    "version" "1.2.2"
  
  "combined-stream@^1.0.6", "combined-stream@^1.0.8":
    "integrity" "sha512-FQN4MRfuJeHf7cBbBMJFXhKSDq+2kAArBlmRBvcvFE5BB1HZKXtSFASDhdlz9zOYwxh8lDdnvmMOe/+5cdoEdg=="
    "resolved" "https://registry.npmjs.org/combined-stream/-/combined-stream-1.0.8.tgz"
    "version" "1.0.8"
    dependencies:
      "delayed-stream" "~1.0.0"
  
  "console-control-strings@^1.0.0", "console-control-strings@~1.1.0":
    "integrity" "sha1-PXz0Rk22RG6mRL9LOVB/mFEAjo4="
    "resolved" "https://registry.npmjs.org/console-control-strings/-/console-control-strings-1.1.0.tgz"
    "version" "1.1.0"
  
  "content-disposition@0.5.3":
    "integrity" "sha512-ExO0774ikEObIAEV9kDo50o+79VCUdEB6n6lzKgGwupcVeRlhrj3qGAfwq8G6uBJjkqLrhT0qEYFcWng8z1z0g=="
    "resolved" "https://registry.npmjs.org/content-disposition/-/content-disposition-0.5.3.tgz"
    "version" "0.5.3"
    dependencies:
      "safe-buffer" "5.1.2"
  
  "content-type@~1.0.4":
    "integrity" "sha512-hIP3EEPs8tB9AT1L+NUqtwOAps4mk2Zob89MWXMHjHWg9milF/j4osnnQLXBCBFBk/tvIG/tUc9mOUJiPBhPXA=="
    "resolved" "https://registry.npmjs.org/content-type/-/content-type-1.0.4.tgz"
    "version" "1.0.4"
  
  "convert-source-map@^1.7.0":
    "integrity" "sha512-+OQdjP49zViI/6i7nIJpA8rAl4sV/JdPfU9nZs3VqOwGIgizICvuN2ru6fMd+4llL0tar18UYJXfZ/TWtmhUjA=="
    "resolved" "https://registry.npmjs.org/convert-source-map/-/convert-source-map-1.8.0.tgz"
    "version" "1.8.0"
    dependencies:
      "safe-buffer" "~5.1.1"
  
  "cookie-signature@1.0.6":
    "integrity" "sha1-4wOogrNCzD7oylE6eZmXNNqzriw="
    "resolved" "https://registry.npmjs.org/cookie-signature/-/cookie-signature-1.0.6.tgz"
    "version" "1.0.6"
  
  "cookie@0.4.0":
    "integrity" "sha512-+Hp8fLp57wnUSt0tY0tHEXh4voZRDnoIrZPqlo3DPiI4y9lwg/jqx+1Om94/W6ZaPDOUbnjOt/99w66zk+l1Xg=="
    "resolved" "https://registry.npmjs.org/cookie/-/cookie-0.4.0.tgz"
    "version" "0.4.0"
  
  "core-util-is@~1.0.0":
    "integrity" "sha1-tf1UIgqivFq1eqtxQMlAdUUDwac="
    "resolved" "https://registry.npmjs.org/core-util-is/-/core-util-is-1.0.2.tgz"
    "version" "1.0.2"
  
  "date-utils@*":
    "integrity" "sha1-YfsWzcEnSzyayq/+n8ad+HIKK2Q="
    "resolved" "https://registry.npmjs.org/date-utils/-/date-utils-1.2.21.tgz"
    "version" "1.2.21"
  
  "debug@^4.1.0":
    "integrity" "sha512-doEwdvm4PCeK4K3RQN2ZC2BYUBaxwLARCqZmMjtF8a51J2Rb0xpVloFRnCODwqjpwnAoao4pelN8l3RJdv3gRQ=="
    "resolved" "https://registry.npmjs.org/debug/-/debug-4.3.1.tgz"
    "version" "4.3.1"
    dependencies:
      "ms" "2.1.2"
  
  "debug@^4.1.1":
    "integrity" "sha512-doEwdvm4PCeK4K3RQN2ZC2BYUBaxwLARCqZmMjtF8a51J2Rb0xpVloFRnCODwqjpwnAoao4pelN8l3RJdv3gRQ=="
    "resolved" "https://registry.npmjs.org/debug/-/debug-4.3.1.tgz"
    "version" "4.3.1"
    dependencies:
      "ms" "2.1.2"
  
  "debug@^4":
    "integrity" "sha512-doEwdvm4PCeK4K3RQN2ZC2BYUBaxwLARCqZmMjtF8a51J2Rb0xpVloFRnCODwqjpwnAoao4pelN8l3RJdv3gRQ=="
    "resolved" "https://registry.npmjs.org/debug/-/debug-4.3.1.tgz"
    "version" "4.3.1"
    dependencies:
      "ms" "2.1.2"
  
  "debug@2.6.9":
    "integrity" "sha512-bC7ElrdJaJnPbAP+1EotYvqZsb3ecl5wi6Bfi6BJTUcNowp6cvspg0jXznRTKDjm/E7AdgFBVeAPVMNcKGsHMA=="
    "resolved" "https://registry.npmjs.org/debug/-/debug-2.6.9.tgz"
    "version" "2.6.9"
    dependencies:
      "ms" "2.0.0"
  
  "decompress-response@^4.2.0":
    "integrity" "sha512-jOSne2qbyE+/r8G1VU+G/82LBs2Fs4LAsTiLSHOCOMZQl2OKZ6i8i4IyHemTe+/yIXOtTcRQMzPcgyhoFlqPkw=="
    "resolved" "https://registry.npmjs.org/decompress-response/-/decompress-response-4.2.1.tgz"
    "version" "4.2.1"
    dependencies:
      "mimic-response" "^2.0.0"
  
  "deep-extend@^0.6.0":
    "integrity" "sha512-LOHxIOaPYdHlJRtCQfDIVZtfw/ufM8+rVj649RIHzcm/vGwQRXFt6OPqIFWsm2XEMrNIEtWR64sY1LEKD2vAOA=="
    "resolved" "https://registry.npmjs.org/deep-extend/-/deep-extend-0.6.0.tgz"
    "version" "0.6.0"
  
  "delayed-stream@~1.0.0":
    "integrity" "sha1-3zrhmayt+31ECqrgsp4icrJOxhk="
    "resolved" "https://registry.npmjs.org/delayed-stream/-/delayed-stream-1.0.0.tgz"
    "version" "1.0.0"
  
  "delegates@^1.0.0":
    "integrity" "sha1-hMbhWbgZBP3KWaDvRM2HDTElD5o="
    "resolved" "https://registry.npmjs.org/delegates/-/delegates-1.0.0.tgz"
    "version" "1.0.0"
  
  "depd@^2.0.0":
    "integrity" "sha512-g7nH6P6dyDioJogAAGprGpCtVImJhpPk/roCzdb3fIh61/s/nPsfR6onyMwkCAR/OlC3yBC0lESvUoQEAssIrw=="
    "resolved" "https://registry.npmjs.org/depd/-/depd-2.0.0.tgz"
    "version" "2.0.0"
  
  "depd@~1.1.2":
    "integrity" "sha1-m81S4UwJd2PnSbJ0xDRu0uVgtak="
    "resolved" "https://registry.npmjs.org/depd/-/depd-1.1.2.tgz"
    "version" "1.1.2"
  
  "depd@~2.0.0":
    "integrity" "sha512-g7nH6P6dyDioJogAAGprGpCtVImJhpPk/roCzdb3fIh61/s/nPsfR6onyMwkCAR/OlC3yBC0lESvUoQEAssIrw=="
    "resolved" "https://registry.npmjs.org/depd/-/depd-2.0.0.tgz"
    "version" "2.0.0"
  
  "destroy@~1.0.4":
    "integrity" "sha1-l4hXRCxEdJ5CBmE+N5RiBYJqvYA="
    "resolved" "https://registry.npmjs.org/destroy/-/destroy-1.0.4.tgz"
    "version" "1.0.4"
  
  "detect-libc@^1.0.3":
    "integrity" "sha1-+hN8S9aY7fVc1c0CrFWfkaTEups="
    "resolved" "https://registry.npmjs.org/detect-libc/-/detect-libc-1.0.3.tgz"
    "version" "1.0.3"
  
  "ecdsa-sig-formatter@1.0.11":
    "integrity" "sha512-nagl3RYrbNv6kQkeJIpt6NJZy8twLB/2vtz6yN9Z4vRKHN4/QZJIEbqohALSgwKdnksuY3k5Addp5lg8sVoVcQ=="
    "resolved" "https://registry.npmjs.org/ecdsa-sig-formatter/-/ecdsa-sig-formatter-1.0.11.tgz"
    "version" "1.0.11"
    dependencies:
      "safe-buffer" "^5.0.1"
  
  "ee-first@1.1.1":
    "integrity" "sha1-WQxhFWsK4vTwJVcyoViyZrxWsh0="
    "resolved" "https://registry.npmjs.org/ee-first/-/ee-first-1.1.1.tgz"
    "version" "1.1.1"
  
  "electron-to-chromium@^1.3.723":
    "integrity" "sha512-Q50dJbfYYRtwK3G9mFP/EsJVzlgcYwKxFjbXmvVa1lDAbdviPcT9QOpFoufDApub4j0hBfDRL6v3lWNLEdEDXQ=="
    "resolved" "https://registry.npmjs.org/electron-to-chromium/-/electron-to-chromium-1.3.754.tgz"
    "version" "1.3.754"
  
  "encodeurl@~1.0.2":
    "integrity" "sha1-rT/0yG7C0CkyL1oCw6mmBslbP1k="
    "resolved" "https://registry.npmjs.org/encodeurl/-/encodeurl-1.0.2.tgz"
    "version" "1.0.2"
  
  "end-of-stream@^1.1.0", "end-of-stream@^1.4.1":
    "integrity" "sha512-+uw1inIHVPQoaVuHzRyXd21icM+cnt4CzD5rW+NC1wjOUSTOs+Te7FOv7AhN7vS9x/oIyhLP5PR1H+phQAHu5Q=="
    "resolved" "https://registry.npmjs.org/end-of-stream/-/end-of-stream-1.4.4.tgz"
    "version" "1.4.4"
    dependencies:
      "once" "^1.4.0"
  
  "escalade@^3.1.1":
    "integrity" "sha512-k0er2gUkLf8O0zKJiAhmkTnJlTvINGv7ygDNPbeIsX/TJjGJZHuh9B2UxbsaEkmlEo9MfhrSzmhIlhRlI2GXnw=="
    "resolved" "https://registry.npmjs.org/escalade/-/escalade-3.1.1.tgz"
    "version" "3.1.1"
  
  "escape-html@~1.0.3":
    "integrity" "sha1-Aljq5NPQwJdN4cFpGI7wBR0dGYg="
    "resolved" "https://registry.npmjs.org/escape-html/-/escape-html-1.0.3.tgz"
    "version" "1.0.3"
  
  "escape-string-regexp@^1.0.5":
    "integrity" "sha1-G2HAViGQqN/2rjuyzwIAyhMLhtQ="
    "resolved" "https://registry.npmjs.org/escape-string-regexp/-/escape-string-regexp-1.0.5.tgz"
    "version" "1.0.5"
  
  "etag@~1.8.1":
    "integrity" "sha1-Qa4u62XvpiJorr/qg6x9eSmbCIc="
    "resolved" "https://registry.npmjs.org/etag/-/etag-1.8.1.tgz"
    "version" "1.8.1"
  
  "event-target-shim@^5.0.0":
    "integrity" "sha512-i/2XbnSz/uxRCU6+NdVJgKWDTM427+MqYbkQzD321DuCQJUqOuJKIA0IM2+W2xtYHdKOmZ4dR6fExsd4SXL+WQ=="
    "resolved" "https://registry.npmjs.org/event-target-shim/-/event-target-shim-5.0.1.tgz"
    "version" "5.0.1"
  
  "eventemitter3@^4.0.0":
    "integrity" "sha512-8guHBZCwKnFhYdHr2ysuRWErTwhoN2X8XELRlrRwpmfeY2jjuUN4taQMsULKUVo1K4DvZl+0pgfyoysHxvmvEw=="
    "resolved" "https://registry.npmjs.org/eventemitter3/-/eventemitter3-4.0.7.tgz"
    "version" "4.0.7"
  
  "events@^3.0.0":
    "integrity" "sha512-mQw+2fkQbALzQ7V0MY0IqdnXNOeTtP4r0lN9z7AAawCXgqea7bDii20AYrIBrFd/Hx0M2Ocz6S111CaFkUcb0Q=="
    "resolved" "https://registry.npmjs.org/events/-/events-3.3.0.tgz"
    "version" "3.3.0"
  
  "expand-template@^2.0.3":
    "integrity" "sha512-XYfuKMvj4O35f/pOXLObndIRvyQ+/+6AhODh+OKWj9S9498pHHn/IMszH+gt0fBCRWMNfk1ZSp5x3AifmnI2vg=="
    "resolved" "https://registry.npmjs.org/expand-template/-/expand-template-2.0.3.tgz"
    "version" "2.0.3"
  
  "express@^4.17.1":
    "integrity" "sha512-mHJ9O79RqluphRrcw2X/GTh3k9tVv8YcoyY4Kkh4WDMUYKRZUq0h1o0w2rrrxBqM7VoeUVqgb27xlEMXTnYt4g=="
    "resolved" "https://registry.npmjs.org/express/-/express-4.17.1.tgz"
    "version" "4.17.1"
    dependencies:
      "accepts" "~1.3.7"
      "array-flatten" "1.1.1"
      "body-parser" "1.19.0"
      "content-disposition" "0.5.3"
      "content-type" "~1.0.4"
      "cookie" "0.4.0"
      "cookie-signature" "1.0.6"
      "debug" "2.6.9"
      "depd" "~1.1.2"
      "encodeurl" "~1.0.2"
      "escape-html" "~1.0.3"
      "etag" "~1.8.1"
      "finalhandler" "~1.1.2"
      "fresh" "0.5.2"
      "merge-descriptors" "1.0.1"
      "methods" "~1.1.2"
      "on-finished" "~2.3.0"
      "parseurl" "~1.3.3"
      "path-to-regexp" "0.1.7"
      "proxy-addr" "~2.0.5"
      "qs" "6.7.0"
      "range-parser" "~1.2.1"
      "safe-buffer" "5.1.2"
      "send" "0.17.1"
      "serve-static" "1.14.1"
      "setprototypeof" "1.1.1"
      "statuses" "~1.5.0"
      "type-is" "~1.6.18"
      "utils-merge" "1.0.1"
      "vary" "~1.1.2"
  
  "fill-range@^7.0.1":
    "integrity" "sha512-qOo9F+dMUmC2Lcb4BbVvnKJxTPjCm+RRpe4gDuGrzkL7mEVl/djYSu2OdQ2Pa302N4oqkSg9ir6jaLWJ2USVpQ=="
    "resolved" "https://registry.npmjs.org/fill-range/-/fill-range-7.0.1.tgz"
    "version" "7.0.1"
    dependencies:
      "to-regex-range" "^5.0.1"
  
  "finalhandler@~1.1.2":
    "integrity" "sha512-aAWcW57uxVNrQZqFXjITpW3sIUQmHGG3qSb9mUah9MgMC4NeWhNOlNjXEYq3HjRAvL6arUviZGGJsBg6z0zsWA=="
    "resolved" "https://registry.npmjs.org/finalhandler/-/finalhandler-1.1.2.tgz"
    "version" "1.1.2"
    dependencies:
      "debug" "2.6.9"
      "encodeurl" "~1.0.2"
      "escape-html" "~1.0.3"
      "on-finished" "~2.3.0"
      "parseurl" "~1.3.3"
      "statuses" "~1.5.0"
      "unpipe" "~1.0.0"
  
  "follow-redirects@^1.0.0", "follow-redirects@^1.10.0":
    "integrity" "sha512-HWqDgT7ZEkqRzBvc2s64vSZ/hfOceEol3ac/7tKwzuvEyWx3/4UegXh5oBOIotkGsObyk3xznnSRVADBgWSQVg=="
    "resolved" "https://registry.npmjs.org/follow-redirects/-/follow-redirects-1.14.1.tgz"
    "version" "1.14.1"
  
  "form-data@^2.5.0":
    "integrity" "sha512-m21N3WOmEEURgk6B9GLOE4RuWOFf28Lhh9qGYeNlGq4VDXUlJy2th2slBNU8Gp8EzloYZOibZJ7t5ecIrFSjVA=="
    "resolved" "https://registry.npmjs.org/form-data/-/form-data-2.5.1.tgz"
    "version" "2.5.1"
    dependencies:
      "asynckit" "^0.4.0"
      "combined-stream" "^1.0.6"
      "mime-types" "^2.1.12"
  
  "form-data@^3.0.0":
    "integrity" "sha512-RHkBKtLWUVwd7SqRIvCZMEvAMoGUp0XU+seQiZejj0COz3RI3hWP4sCv3gZWWLjJTd7rGwcsF5eKZGii0r/hbg=="
    "resolved" "https://registry.npmjs.org/form-data/-/form-data-3.0.1.tgz"
    "version" "3.0.1"
    dependencies:
      "asynckit" "^0.4.0"
      "combined-stream" "^1.0.8"
      "mime-types" "^2.1.12"
  
  "forwarded@0.2.0":
    "integrity" "sha512-buRG0fpBtRHSTCOASe6hD258tEubFoRLb4ZNA6NxMVHNw2gOcwHo9wyablzMzOA5z9xA9L1KNjk/Nt6MT9aYow=="
    "resolved" "https://registry.npmjs.org/forwarded/-/forwarded-0.2.0.tgz"
    "version" "0.2.0"
  
  "fresh@0.5.2":
    "integrity" "sha1-PYyt2Q2XZWn6g1qx+OSyOhBWBac="
    "resolved" "https://registry.npmjs.org/fresh/-/fresh-0.5.2.tgz"
    "version" "0.5.2"
  
  "fs-constants@^1.0.0":
    "integrity" "sha512-y6OAwoSIf7FyjMIv94u+b5rdheZEjzR63GTyZJm5qh4Bi+2YgwLCcI/fPFZkL5PSixOt6ZNKm+w+Hfp/Bciwow=="
    "resolved" "https://registry.npmjs.org/fs-constants/-/fs-constants-1.0.0.tgz"
    "version" "1.0.0"
  
  "gauge@~2.7.3":
    "integrity" "sha1-LANAXHU4w51+s3sxcCLjJfsBi/c="
    "resolved" "https://registry.npmjs.org/gauge/-/gauge-2.7.4.tgz"
    "version" "2.7.4"
    dependencies:
      "aproba" "^1.0.3"
      "console-control-strings" "^1.0.0"
      "has-unicode" "^2.0.0"
      "object-assign" "^4.1.0"
      "signal-exit" "^3.0.0"
      "string-width" "^1.0.1"
      "strip-ansi" "^3.0.1"
      "wide-align" "^1.1.0"
  
  "gensync@^1.0.0-beta.2":
    "integrity" "sha512-3hN7NaskYvMDLQY55gnW3NQ+mesEAepTqlg+VEbj7zzqEMBVNhzcGYYeqFo/TlYz6eQiFcp1HcsCZO+nGgS8zg=="
    "resolved" "https://registry.npmjs.org/gensync/-/gensync-1.0.0-beta.2.tgz"
    "version" "1.0.0-beta.2"
  
  "github-from-package@0.0.0":
    "integrity" "sha1-l/tdlr/eiXMxPyDoKI75oWf6ZM4="
    "resolved" "https://registry.npmjs.org/github-from-package/-/github-from-package-0.0.0.tgz"
    "version" "0.0.0"
  
  "globals@^11.1.0":
    "integrity" "sha512-WOBp/EEGUiIsJSp7wcv/y6MO+lV9UoncWqxuFfm8eBwzWNgyfBd6Gz+IeKQ9jCmyhoH99g15M3T+QaVHFjizVA=="
    "resolved" "https://registry.npmjs.org/globals/-/globals-11.12.0.tgz"
    "version" "11.12.0"
  
  "has-flag@^3.0.0":
    "integrity" "sha1-tdRU3CGZriJWmfNGfloH87lVuv0="
    "resolved" "https://registry.npmjs.org/has-flag/-/has-flag-3.0.0.tgz"
    "version" "3.0.0"
  
  "has-unicode@^2.0.0":
    "integrity" "sha1-4Ob+aijPUROIVeCG0Wkedx3iqLk="
    "resolved" "https://registry.npmjs.org/has-unicode/-/has-unicode-2.0.1.tgz"
    "version" "2.0.1"
  
  "http-errors@~1.7.2":
    "integrity" "sha512-ZTTX0MWrsQ2ZAhA1cejAwDLycFsd7I7nVtnkT3Ol0aqodaKW+0CTZDQ1uBv5whptCnc8e8HeRRJxRs0kmm/Qfw=="
    "resolved" "https://registry.npmjs.org/http-errors/-/http-errors-1.7.3.tgz"
    "version" "1.7.3"
    dependencies:
      "depd" "~1.1.2"
      "inherits" "2.0.4"
      "setprototypeof" "1.1.1"
      "statuses" ">= 1.5.0 < 2"
      "toidentifier" "1.0.0"
  
  "http-errors@1.7.2":
    "integrity" "sha512-uUQBt3H/cSIVfch6i1EuPNy/YsRSOUBXTVfZ+yR7Zjez3qjBz6i9+i4zjNaoqcoFVI4lQJ5plg63TvGfRSDCRg=="
    "resolved" "https://registry.npmjs.org/http-errors/-/http-errors-1.7.2.tgz"
    "version" "1.7.2"
    dependencies:
      "depd" "~1.1.2"
      "inherits" "2.0.3"
      "setprototypeof" "1.1.1"
      "statuses" ">= 1.5.0 < 2"
      "toidentifier" "1.0.0"
  
  "http-proxy-middleware@^2.0.0":
    "integrity" "sha512-S+RN5njuyvYV760aiVKnyuTXqUMcSIvYOsHA891DOVQyrdZOwaXtBHpt9FUVPEDAsOvsPArZp6VXQLs44yvkow=="
    "resolved" "https://registry.npmjs.org/http-proxy-middleware/-/http-proxy-middleware-2.0.0.tgz"
    "version" "2.0.0"
    dependencies:
      "@types/http-proxy" "^1.17.5"
      "http-proxy" "^1.18.1"
      "is-glob" "^4.0.1"
      "is-plain-obj" "^3.0.0"
      "micromatch" "^4.0.2"
  
  "http-proxy@^1.18.1":
    "integrity" "sha512-7mz/721AbnJwIVbnaSv1Cz3Am0ZLT/UBwkC92VlxhXv/k/BBQfM2fXElQNC27BVGr0uwUpplYPQM9LnaBMR5NQ=="
    "resolved" "https://registry.npmjs.org/http-proxy/-/http-proxy-1.18.1.tgz"
    "version" "1.18.1"
    dependencies:
      "eventemitter3" "^4.0.0"
      "follow-redirects" "^1.0.0"
      "requires-port" "^1.0.0"
  
  "iconv-lite@^0.6.2":
    "integrity" "sha512-4fCk79wshMdzMp2rH06qWrJE4iolqLhCUH+OiuIgU++RB0+94NlDL81atO7GX55uUKueo0txHNtvEyI6D7WdMw=="
    "resolved" "https://registry.npmjs.org/iconv-lite/-/iconv-lite-0.6.3.tgz"
    "version" "0.6.3"
    dependencies:
      "safer-buffer" ">= 2.1.2 < 3.0.0"
  
  "iconv-lite@0.4.24":
    "integrity" "sha512-v3MXnZAcvnywkTUEZomIActle7RXXeedOR31wwl7VlyoXO4Qi9arvSenNQWne1TcRwhCL1HwLI21bEqdpj8/rA=="
    "resolved" "https://registry.npmjs.org/iconv-lite/-/iconv-lite-0.4.24.tgz"
    "version" "0.4.24"
    dependencies:
      "safer-buffer" ">= 2.1.2 < 3"
  
  "ieee754@^1.1.13":
    "integrity" "sha512-dcyqhDvX1C46lXZcVqCpK+FtMRQVdIMN6/Df5js2zouUsqG7I6sFxitIC+7KYK29KdXOLHdu9zL4sFnoVQnqaA=="
    "resolved" "https://registry.npmjs.org/ieee754/-/ieee754-1.2.1.tgz"
    "version" "1.2.1"
  
  "inherits@^2.0.3", "inherits@~2.0.3", "inherits@2.0.3":
    "integrity" "sha1-Yzwsg+PaQqUC9SRmAiSA9CCCYd4="
    "resolved" "https://registry.npmjs.org/inherits/-/inherits-2.0.3.tgz"
    "version" "2.0.3"
  
  "inherits@^2.0.4":
    "integrity" "sha512-k/vGaX4/Yla3WzyMCvTQOXYeIHvqOKtnqBduzTHpzpQZzAskKMhZ2K+EnBiSM9zGSoIFeMpXKxa4dYeZIQqewQ=="
    "resolved" "https://registry.npmjs.org/inherits/-/inherits-2.0.4.tgz"
    "version" "2.0.4"
  
  "inherits@2.0.4":
    "integrity" "sha512-k/vGaX4/Yla3WzyMCvTQOXYeIHvqOKtnqBduzTHpzpQZzAskKMhZ2K+EnBiSM9zGSoIFeMpXKxa4dYeZIQqewQ=="
    "resolved" "https://registry.npmjs.org/inherits/-/inherits-2.0.4.tgz"
    "version" "2.0.4"
  
  "ini@~1.3.0":
    "integrity" "sha512-JV/yugV2uzW5iMRSiZAyDtQd+nxtUnjeLt0acNdw98kKLrvuRVyB80tsREOE7yvGVgalhZ6RNXCmEHkUKBKxew=="
    "resolved" "https://registry.npmjs.org/ini/-/ini-1.3.8.tgz"
    "version" "1.3.8"
  
  "ip-regex@^2.1.0":
    "integrity" "sha1-+ni/XS5pE8kRzp+BnuUUa7bYROk="
    "resolved" "https://registry.npmjs.org/ip-regex/-/ip-regex-2.1.0.tgz"
    "version" "2.1.0"
  
  "ipaddr.js@1.9.1":
    "integrity" "sha512-0KI/607xoxSToH7GjN1FfSbLoU0+btTicjsQSWQlh/hZykN8KpmMf7uYwPW3R+akZ6R/w18ZlXSHBYXiYUPO3g=="
    "resolved" "https://registry.npmjs.org/ipaddr.js/-/ipaddr.js-1.9.1.tgz"
    "version" "1.9.1"
  
  "is-docker@^2.0.0":
    "integrity" "sha512-F+i2BKsFrH66iaUFc0woD8sLy8getkwTwtOBjvs56Cx4CgJDeKQeqfz8wAYiSb8JOprWhHH5p77PbmYCvvUuXQ=="
    "resolved" "https://registry.npmjs.org/is-docker/-/is-docker-2.2.1.tgz"
    "version" "2.2.1"
  
  "is-extglob@^2.1.1":
    "integrity" "sha1-qIwCU1eR8C7TfHahueqXc8gz+MI="
    "resolved" "https://registry.npmjs.org/is-extglob/-/is-extglob-2.1.1.tgz"
    "version" "2.1.1"
  
  "is-fullwidth-code-point@^1.0.0":
    "integrity" "sha1-754xOG8DGn8NZDr4L95QxFfvAMs="
    "resolved" "https://registry.npmjs.org/is-fullwidth-code-point/-/is-fullwidth-code-point-1.0.0.tgz"
    "version" "1.0.0"
    dependencies:
      "number-is-nan" "^1.0.0"
  
  "is-glob@^4.0.1":
    "integrity" "sha512-5G0tKtBTFImOqDnLB2hG6Bp2qcKEFduo4tZu9MT/H6NQv/ghhy30o55ufafxJ/LdH79LLs2Kfrn85TLKyA7BUg=="
    "resolved" "https://registry.npmjs.org/is-glob/-/is-glob-4.0.1.tgz"
    "version" "4.0.1"
    dependencies:
      "is-extglob" "^2.1.1"
  
  "is-number@^7.0.0":
    "integrity" "sha512-41Cifkg6e8TylSpdtTpeLVMqvSBEVzTttHvERD741+pnZ8ANv0004MRL43QKPDlK9cGvNp6NZWZUBlbGXYxxng=="
    "resolved" "https://registry.npmjs.org/is-number/-/is-number-7.0.0.tgz"
    "version" "7.0.0"
  
  "is-plain-obj@^3.0.0":
    "integrity" "sha512-gwsOE28k+23GP1B6vFl1oVh/WOzmawBrKwo5Ev6wMKzPkaXaCDIQKzLnvsA42DRlbVTWorkgTKIviAKCWkfUwA=="
    "resolved" "https://registry.npmjs.org/is-plain-obj/-/is-plain-obj-3.0.0.tgz"
    "version" "3.0.0"
  
  "is-wsl@^2.1.1":
    "integrity" "sha512-fKzAra0rGJUUBwGBgNkHZuToZcn+TtXHpeCgmkMJMMYx1sQDYaCSyjJBSCa2nH1DGm7s3n1oBnohoVTBaN7Lww=="
    "resolved" "https://registry.npmjs.org/is-wsl/-/is-wsl-2.2.0.tgz"
    "version" "2.2.0"
    dependencies:
      "is-docker" "^2.0.0"
  
  "isarray@~1.0.0":
    "integrity" "sha1-u5NdSFgsuhaMBoNJV6VKPgcSTxE="
    "resolved" "https://registry.npmjs.org/isarray/-/isarray-1.0.0.tgz"
    "version" "1.0.0"
  
  "js-tokens@^4.0.0":
    "integrity" "sha512-RdJUflcE3cUzKiMqQgsCu06FPu9UdIJO0beYbPhHN4k6apgJtifcoCtT9bcxOpYBtpD2kCM6Sbzg4CausW/PKQ=="
    "resolved" "https://registry.npmjs.org/js-tokens/-/js-tokens-4.0.0.tgz"
    "version" "4.0.0"
  
  "jsbi@^3.1.4":
    "integrity" "sha512-w2BY0VOYC1ahe+w6Qhl4SFoPvPsZ9NPHY4bwass+LCgU7RK3PBoVQlQ3G1s7vI8W3CYyJiEXcbKF7FIM/L8q3Q=="
    "resolved" "https://registry.npmjs.org/jsbi/-/jsbi-3.1.5.tgz"
    "version" "3.1.5"
  
  "jsesc@^2.5.1":
    "integrity" "sha512-OYu7XEzjkCQ3C5Ps3QIZsQfNpqoJyZZA99wd9aWd05NCtC5pWOkShK2mkL6HXQR6/Cy2lbNdPlZBpuQHXE63gA=="
    "resolved" "https://registry.npmjs.org/jsesc/-/jsesc-2.5.2.tgz"
    "version" "2.5.2"
  
  "json5@^2.1.2":
    "integrity" "sha512-f+8cldu7X/y7RAJurMEJmdoKXGB/X550w2Nr3tTbezL6RwEE/iMcm+tZnXeoZtKuOq6ft8+CqzEkrIgx1fPoQA=="
    "resolved" "https://registry.npmjs.org/json5/-/json5-2.2.0.tgz"
    "version" "2.2.0"
    dependencies:
      "minimist" "^1.2.5"
  
  "jsonwebtoken@^8.5.1":
    "integrity" "sha512-XjwVfRS6jTMsqYs0EsuJ4LGxXV14zQybNd4L2r0UvbVnSF9Af8x7p5MzbJ90Ioz/9TI41/hTCvznF/loiSzn8w=="
    "resolved" "https://registry.npmjs.org/jsonwebtoken/-/jsonwebtoken-8.5.1.tgz"
    "version" "8.5.1"
    dependencies:
      "jws" "^3.2.2"
      "lodash.includes" "^4.3.0"
      "lodash.isboolean" "^3.0.3"
      "lodash.isinteger" "^4.0.4"
      "lodash.isnumber" "^3.0.3"
      "lodash.isplainobject" "^4.0.6"
      "lodash.isstring" "^4.0.1"
      "lodash.once" "^4.0.0"
      "ms" "^2.1.1"
      "semver" "^5.6.0"
  
  "jwa@^1.4.1":
    "integrity" "sha512-qiLX/xhEEFKUAJ6FiBMbes3w9ATzyk5W7Hvzpa/SLYdxNtng+gcurvrI7TbACjIXlsJyr05/S1oUhZrc63evQA=="
    "resolved" "https://registry.npmjs.org/jwa/-/jwa-1.4.1.tgz"
    "version" "1.4.1"
    dependencies:
      "buffer-equal-constant-time" "1.0.1"
      "ecdsa-sig-formatter" "1.0.11"
      "safe-buffer" "^5.0.1"
  
  "jwa@^2.0.0":
    "integrity" "sha512-jrZ2Qx916EA+fq9cEAeCROWPTfCwi1IVHqT2tapuqLEVVDKFDENFw1oL+MwrTvH6msKxsd1YTDVw6uKEcsrLEA=="
    "resolved" "https://registry.npmjs.org/jwa/-/jwa-2.0.0.tgz"
    "version" "2.0.0"
    dependencies:
      "buffer-equal-constant-time" "1.0.1"
      "ecdsa-sig-formatter" "1.0.11"
      "safe-buffer" "^5.0.1"
  
  "jws@^3.2.2":
    "integrity" "sha512-YHlZCB6lMTllWDtSPHz/ZXTsi8S00usEV6v1tjq8tOUZzw7DpSDWVXjXDre6ed1w/pd495ODpHZYSdkRTsa0HA=="
    "resolved" "https://registry.npmjs.org/jws/-/jws-3.2.2.tgz"
    "version" "3.2.2"
    dependencies:
      "jwa" "^1.4.1"
      "safe-buffer" "^5.0.1"
  
  "jws@^4.0.0":
    "integrity" "sha512-KDncfTmOZoOMTFG4mBlG0qUIOlc03fmzH+ru6RgYVZhPkyiy/92Owlt/8UEN+a4TXR1FQetfIpJE8ApdvdVxTg=="
    "resolved" "https://registry.npmjs.org/jws/-/jws-4.0.0.tgz"
    "version" "4.0.0"
    dependencies:
      "jwa" "^2.0.0"
      "safe-buffer" "^5.0.1"
  
  "jws@3.x.x":
    "integrity" "sha512-YHlZCB6lMTllWDtSPHz/ZXTsi8S00usEV6v1tjq8tOUZzw7DpSDWVXjXDre6ed1w/pd495ODpHZYSdkRTsa0HA=="
    "resolved" "https://registry.npmjs.org/jws/-/jws-3.2.2.tgz"
    "version" "3.2.2"
    dependencies:
      "jwa" "^1.4.1"
      "safe-buffer" "^5.0.1"
  
  "keytar@^7.3.0":
    "integrity" "sha512-YEY9HWqThQc5q5xbXbRwsZTh2PJ36OSYRjSv3NN2xf5s5dpLTjEZnC2YikR29OaVybf9nQ0dJ/80i40RS97t/A=="
    "resolved" "https://registry.npmjs.org/keytar/-/keytar-7.7.0.tgz"
    "version" "7.7.0"
    dependencies:
      "node-addon-api" "^3.0.0"
      "prebuild-install" "^6.0.0"
  
  "lodash.includes@^4.3.0":
    "integrity" "sha1-YLuYqHy5I8aMoeUTJUgzFISfVT8="
    "resolved" "https://registry.npmjs.org/lodash.includes/-/lodash.includes-4.3.0.tgz"
    "version" "4.3.0"
  
  "lodash.isboolean@^3.0.3":
    "integrity" "sha1-bC4XHbKiV82WgC/UOwGyDV9YcPY="
    "resolved" "https://registry.npmjs.org/lodash.isboolean/-/lodash.isboolean-3.0.3.tgz"
    "version" "3.0.3"
  
  "lodash.isinteger@^4.0.4":
    "integrity" "sha1-YZwK89A/iwTDH1iChAt3sRzWg0M="
    "resolved" "https://registry.npmjs.org/lodash.isinteger/-/lodash.isinteger-4.0.4.tgz"
    "version" "4.0.4"
  
  "lodash.isnumber@^3.0.3":
    "integrity" "sha1-POdoEMWSjQM1IwGsKHMX8RwLH/w="
    "resolved" "https://registry.npmjs.org/lodash.isnumber/-/lodash.isnumber-3.0.3.tgz"
    "version" "3.0.3"
  
  "lodash.isplainobject@^4.0.6":
    "integrity" "sha1-fFJqUtibRcRcxpC4gWO+BJf1UMs="
    "resolved" "https://registry.npmjs.org/lodash.isplainobject/-/lodash.isplainobject-4.0.6.tgz"
    "version" "4.0.6"
  
  "lodash.isstring@^4.0.1":
    "integrity" "sha1-1SfftUVuynzJu5XV2ur4i6VKVFE="
    "resolved" "https://registry.npmjs.org/lodash.isstring/-/lodash.isstring-4.0.1.tgz"
    "version" "4.0.1"
  
  "lodash.once@^4.0.0":
    "integrity" "sha1-DdOXEhPHxW34gJd9UEyI+0cal6w="
    "resolved" "https://registry.npmjs.org/lodash.once/-/lodash.once-4.1.1.tgz"
    "version" "4.1.1"
  
  "lodash@^4.17.14":
    "integrity" "sha512-v2kDEe57lecTulaDIuNTPy3Ry4gLGJ6Z1O3vE1krgXZNrsQ+LFTGHVxVjcXPs17LhbZVGedAJv8XZ1tvj5FvSg=="
    "resolved" "https://registry.npmjs.org/lodash/-/lodash-4.17.21.tgz"
    "version" "4.17.21"
  
  "media-typer@0.3.0":
    "integrity" "sha1-hxDXrwqmJvj/+hzgAWhUUmMlV0g="
    "resolved" "https://registry.npmjs.org/media-typer/-/media-typer-0.3.0.tgz"
    "version" "0.3.0"
  
  "merge-descriptors@1.0.1":
    "integrity" "sha1-sAqqVW3YtEVoFQ7J0blT8/kMu2E="
    "resolved" "https://registry.npmjs.org/merge-descriptors/-/merge-descriptors-1.0.1.tgz"
    "version" "1.0.1"
  
  "methods@~1.1.2":
    "integrity" "sha1-VSmk1nZUE07cxSZmVoNbD4Ua/O4="
    "resolved" "https://registry.npmjs.org/methods/-/methods-1.1.2.tgz"
    "version" "1.1.2"
  
  "micromatch@^4.0.2":
    "integrity" "sha512-pRmzw/XUcwXGpD9aI9q/0XOwLNygjETJ8y0ao0wdqprrzDa4YnxLcz7fQRZr8voh8V10kGhABbNcHVk5wHgWwg=="
    "resolved" "https://registry.npmjs.org/micromatch/-/micromatch-4.0.4.tgz"
    "version" "4.0.4"
    dependencies:
      "braces" "^3.0.1"
      "picomatch" "^2.2.3"
  
  "mime-db@1.48.0":
    "integrity" "sha512-FM3QwxV+TnZYQ2aRqhlKBMHxk10lTbMt3bBkMAp54ddrNeVSfcQYOOKuGuy3Ddrm38I04If834fOUSq1yzslJQ=="
    "resolved" "https://registry.npmjs.org/mime-db/-/mime-db-1.48.0.tgz"
    "version" "1.48.0"
  
  "mime-types@^2.1.12", "mime-types@~2.1.24":
    "integrity" "sha512-XGZnNzm3QvgKxa8dpzyhFTHmpP3l5YNusmne07VUOXxou9CqUqYa/HBy124RqtVh/O2pECas/MOcsDgpilPOPg=="
    "resolved" "https://registry.npmjs.org/mime-types/-/mime-types-2.1.31.tgz"
    "version" "2.1.31"
    dependencies:
      "mime-db" "1.48.0"
  
  "mime@1.6.0":
    "integrity" "sha512-x0Vn8spI+wuJ1O6S7gnbaQg8Pxh4NNHb7KSINmEWKiPE4RKOplvijn+NkmYmmRgP68mc70j2EbeTFRsrswaQeg=="
    "resolved" "https://registry.npmjs.org/mime/-/mime-1.6.0.tgz"
    "version" "1.6.0"
  
  "mimic-response@^2.0.0":
    "integrity" "sha512-wXqjST+SLt7R009ySCglWBCFpjUygmCIfD790/kVbiGmUgfYGuB14PiTd5DwVxSV4NcYHjzMkoj5LjQZwTQLEA=="
    "resolved" "https://registry.npmjs.org/mimic-response/-/mimic-response-2.1.0.tgz"
    "version" "2.1.0"
  
  "minimist@^1.2.0", "minimist@^1.2.3", "minimist@^1.2.5":
    "integrity" "sha512-FM9nNUYrRBAELZQT3xeZQ7fmMOBg6nWNmJKTcgsJeaLstP/UODVpGsr5OhXhhXg6f+qtJ8uiZ+PUxkDWcgIXLw=="
    "resolved" "https://registry.npmjs.org/minimist/-/minimist-1.2.5.tgz"
    "version" "1.2.5"
  
  "mkdirp-classic@^0.5.2", "mkdirp-classic@^0.5.3":
    "integrity" "sha512-gKLcREMhtuZRwRAfqP3RFW+TK4JqApVBtOIftVgjuABpAtpxhPGaDcfvbhNvD0B8iD1oUr/txX35NjcaY6Ns/A=="
    "resolved" "https://registry.npmjs.org/mkdirp-classic/-/mkdirp-classic-0.5.3.tgz"
    "version" "0.5.3"
  
  "morgan@^1.10.0":
    "integrity" "sha512-AbegBVI4sh6El+1gNwvD5YIck7nSA36weD7xvIxG4in80j/UoK8AEGaWnnz8v1GxonMCltmlNs5ZKbGvl9b1XQ=="
    "resolved" "https://registry.npmjs.org/morgan/-/morgan-1.10.0.tgz"
    "version" "1.10.0"
    dependencies:
      "basic-auth" "~2.0.1"
      "debug" "2.6.9"
      "depd" "~2.0.0"
      "on-finished" "~2.3.0"
      "on-headers" "~1.0.2"
  
  "ms@^2.1.1":
    "integrity" "sha512-6FlzubTLZG3J2a/NVCAleEhjzq5oxgHyaCU9yYXvcLsvoVaHJq/s5xXI6/XXP6tz7R9xAOtHnSO/tXtF3WRTlA=="
    "resolved" "https://registry.npmjs.org/ms/-/ms-2.1.3.tgz"
    "version" "2.1.3"
  
  "ms@2.0.0":
    "integrity" "sha1-VgiurfwAvmwpAd9fmGF4jeDVl8g="
    "resolved" "https://registry.npmjs.org/ms/-/ms-2.0.0.tgz"
    "version" "2.0.0"
  
  "ms@2.1.1":
    "integrity" "sha512-tgp+dl5cGk28utYktBsrFqA7HKgrhgPsg6Z/EfhWI4gl1Hwq8B/GmY/0oXZ6nF8hDVesS/FpnYaD/kOWhYQvyg=="
    "resolved" "https://registry.npmjs.org/ms/-/ms-2.1.1.tgz"
    "version" "2.1.1"
  
  "ms@2.1.2":
    "integrity" "sha512-sGkPx+VjMtmA6MX27oA4FBFELFCZZ4S4XqeGOXCv68tT+jb3vk/RyaKWP0PTKyWtmLSM0b+adUTEvbs1PEaH2w=="
    "resolved" "https://registry.npmjs.org/ms/-/ms-2.1.2.tgz"
    "version" "2.1.2"
  
  "msal@^1.0.2":
    "integrity" "sha512-8vW5/+irlcQQk87r8Qp3/kQEc552hr7FQLJ6GF5LLkqnwJDDxrswz6RYPiQhmiampymIs0PbHVZrNf8m+6DmgQ=="
    "resolved" "https://registry.npmjs.org/msal/-/msal-1.4.11.tgz"
    "version" "1.4.11"
    dependencies:
      "tslib" "^1.9.3"
  
  "mssql@^7.1.3":
    "integrity" "sha512-VCtGfJhb9ik5RV3PZQS9jG9I261cghwyWG4YZWn4+13k377sclkCx7/loctCnMNk1EYJFIIAWYCsk1GYwF1Yag=="
    "resolved" "https://registry.npmjs.org/mssql/-/mssql-7.1.3.tgz"
    "version" "7.1.3"
    dependencies:
      "@tediousjs/connection-string" "^0.3.0"
      "debug" "^4"
      "rfdc" "^1.3.0"
      "tarn" "^3.0.1"
      "tedious" "^11.0.7"
  
  "napi-build-utils@^1.0.1":
    "integrity" "sha512-ONmRUqK7zj7DWX0D9ADe03wbwOBZxNAfF20PlGfCWQcD3+/MakShIHrMqx9YwPTfxDdF1zLeL+RGZiR9kGMLdg=="
    "resolved" "https://registry.npmjs.org/napi-build-utils/-/napi-build-utils-1.0.2.tgz"
    "version" "1.0.2"
  
  "native-duplexpair@^1.0.0":
    "integrity" "sha1-eJkHjmS/PIo9cyYBs9QP8F21j6A="
    "resolved" "https://registry.npmjs.org/native-duplexpair/-/native-duplexpair-1.0.0.tgz"
    "version" "1.0.0"
  
  "negotiator@0.6.2":
    "integrity" "sha512-hZXc7K2e+PgeI1eDBe/10Ard4ekbfrrqG8Ep+8Jmf4JID2bNg7NvCPOZN+kfF574pFQI7mum2AUqDidoKqcTOw=="
    "resolved" "https://registry.npmjs.org/negotiator/-/negotiator-0.6.2.tgz"
    "version" "0.6.2"
  
  "node-abi@^2.21.0":
    "integrity" "sha512-g6bZh3YCKQRdwuO/tSZZYJAw622SjsRfJ2X0Iy4sSOHZ34/sPPdVBn8fev2tj7njzLwuqPw9uMtGsGkO5kIQvg=="
    "resolved" "https://registry.npmjs.org/node-abi/-/node-abi-2.30.0.tgz"
    "version" "2.30.0"
    dependencies:
      "semver" "^5.4.1"
  
  "node-abort-controller@^1.1.0":
    "integrity" "sha512-79PYeJuj6S9+yOHirR0JBLFOgjB6sQCir10uN6xRx25iD+ZD4ULqgRn3MwWBRaQGB0vEgReJzWwJo42T1R6YbQ=="
    "resolved" "https://registry.npmjs.org/node-abort-controller/-/node-abort-controller-1.2.1.tgz"
    "version" "1.2.1"
  
  "node-addon-api@^3.0.0":
    "integrity" "sha512-mmcei9JghVNDYydghQmeDX8KoAm0FAiYyIcUt/N4nhyAipB17pllZQDOJD2fotxABnt4Mdz+dKTO7eftLg4d0A=="
    "resolved" "https://registry.npmjs.org/node-addon-api/-/node-addon-api-3.2.1.tgz"
    "version" "3.2.1"
  
  "node-fetch@^2.6.0":
    "integrity" "sha512-V4aYg89jEoVRxRb2fJdAg8FHvI7cEyYdVAh94HH0UIK8oJxUfkjlDQN9RbMx+bEjP7+ggMiFRprSti032Oipxw=="
    "resolved" "https://registry.npmjs.org/node-fetch/-/node-fetch-2.6.1.tgz"
    "version" "2.6.1"
  
  "node-releases@^1.1.71":
    "integrity" "sha512-uW7fodD6pyW2FZNZnp/Z3hvWKeEW1Y8R1+1CnErE8cXFXzl5blBOoVB41CvMer6P6Q0S5FXDwcHgFd1Wj0U9zg=="
    "resolved" "https://registry.npmjs.org/node-releases/-/node-releases-1.1.73.tgz"
    "version" "1.1.73"
  
  "npmlog@^4.0.1":
    "integrity" "sha512-2uUqazuKlTaSI/dC8AzicUck7+IrEaOnN/e0jd3Xtt1KcGpwx30v50mL7oPyr/h9bL3E4aZccVwpwP+5W9Vjkg=="
    "resolved" "https://registry.npmjs.org/npmlog/-/npmlog-4.1.2.tgz"
    "version" "4.1.2"
    dependencies:
      "are-we-there-yet" "~1.1.2"
      "console-control-strings" "~1.1.0"
      "gauge" "~2.7.3"
      "set-blocking" "~2.0.0"
  
  "number-is-nan@^1.0.0":
    "integrity" "sha1-CXtgK1NCKlIsGvuHkDGDNpQaAR0="
    "resolved" "https://registry.npmjs.org/number-is-nan/-/number-is-nan-1.0.1.tgz"
    "version" "1.0.1"
  
  "object-assign@^4.1.0":
    "integrity" "sha1-IQmtx5ZYh8/AXLvUQsrIv7s2CGM="
    "resolved" "https://registry.npmjs.org/object-assign/-/object-assign-4.1.1.tgz"
    "version" "4.1.1"
  
  "on-finished@~2.3.0":
    "integrity" "sha1-IPEzZIGwg811M3mSoWlxqi2QaUc="
    "resolved" "https://registry.npmjs.org/on-finished/-/on-finished-2.3.0.tgz"
    "version" "2.3.0"
    dependencies:
      "ee-first" "1.1.1"
  
  "on-headers@~1.0.2":
    "integrity" "sha512-pZAE+FJLoyITytdqK0U5s+FIpjN0JP3OzFi/u8Rx+EV5/W+JTWGXG8xFzevE7AjBfDqHv/8vL8qQsIhHnqRkrA=="
    "resolved" "https://registry.npmjs.org/on-headers/-/on-headers-1.0.2.tgz"
    "version" "1.0.2"
  
  "once@^1.3.1", "once@^1.4.0":
    "integrity" "sha1-WDsap3WWHUsROsF9nFC6753Xa9E="
    "resolved" "https://registry.npmjs.org/once/-/once-1.4.0.tgz"
    "version" "1.4.0"
    dependencies:
      "wrappy" "1"
  
  "open@^7.0.0":
    "integrity" "sha512-MVHddDVweXZF3awtlAS+6pgKLlm/JgxZ90+/NBurBoQctVOOB/zDdVjcyPzQ+0laDGbsWgrRkflI65sQeOgT9Q=="
    "resolved" "https://registry.npmjs.org/open/-/open-7.4.2.tgz"
    "version" "7.4.2"
    dependencies:
      "is-docker" "^2.0.0"
      "is-wsl" "^2.1.1"
  
  "parseurl@~1.3.3":
    "integrity" "sha512-CiyeOxFT/JZyN5m0z9PfXw4SCBJ6Sygz1Dpl0wqjlhDEGGBP1GnsUVEL0p63hoG1fcj3fHynXi9NYO4nWOL+qQ=="
    "resolved" "https://registry.npmjs.org/parseurl/-/parseurl-1.3.3.tgz"
    "version" "1.3.3"
  
  "path-to-regexp@0.1.7":
    "integrity" "sha1-32BBeABfUi8V60SQ5yR6G/qmf4w="
    "resolved" "https://registry.npmjs.org/path-to-regexp/-/path-to-regexp-0.1.7.tgz"
    "version" "0.1.7"
  
  "picomatch@^2.2.3":
    "integrity" "sha512-lY1Q/PiJGC2zOv/z391WOTD+Z02bCgsFfvxoXXf6h7kv9o+WmsmzYqrAwY63sNgOxE4xEdq0WyUnXfKeBrSvYw=="
    "resolved" "https://registry.npmjs.org/picomatch/-/picomatch-2.3.0.tgz"
    "version" "2.3.0"
  
  "prebuild-install@^6.0.0":
    "integrity" "sha512-iqqSR84tNYQUQHRXalSKdIaM8Ov1QxOVuBNWI7+BzZWv6Ih9k75wOnH1rGQ9WWTaaLkTpxWKIciOF0KyfM74+Q=="
    "resolved" "https://registry.npmjs.org/prebuild-install/-/prebuild-install-6.1.3.tgz"
    "version" "6.1.3"
    dependencies:
      "detect-libc" "^1.0.3"
      "expand-template" "^2.0.3"
      "github-from-package" "0.0.0"
      "minimist" "^1.2.3"
      "mkdirp-classic" "^0.5.3"
      "napi-build-utils" "^1.0.1"
      "node-abi" "^2.21.0"
      "npmlog" "^4.0.1"
      "pump" "^3.0.0"
      "rc" "^1.2.7"
      "simple-get" "^3.0.3"
      "tar-fs" "^2.0.0"
      "tunnel-agent" "^0.6.0"
  
  "process-nextick-args@~2.0.0":
    "integrity" "sha512-3ouUOpQhtgrbOa17J7+uxOTpITYWaGP7/AhoR3+A+/1e9skrzelGi/dXzEYyvbxubEF6Wn2ypscTKiKJFFn1ag=="
    "resolved" "https://registry.npmjs.org/process-nextick-args/-/process-nextick-args-2.0.1.tgz"
    "version" "2.0.1"
  
  "process@^0.11.10":
    "integrity" "sha1-czIwDoQBYb2j5podHZGn1LwW8YI="
    "resolved" "https://registry.npmjs.org/process/-/process-0.11.10.tgz"
    "version" "0.11.10"
  
  "proxy-addr@~2.0.5":
    "integrity" "sha512-llQsMLSUDUPT44jdrU/O37qlnifitDP+ZwrmmZcoSKyLKvtZxpyV0n2/bD/N4tBAAZ/gJEdZU7KMraoK1+XYAg=="
    "resolved" "https://registry.npmjs.org/proxy-addr/-/proxy-addr-2.0.7.tgz"
    "version" "2.0.7"
    dependencies:
      "forwarded" "0.2.0"
      "ipaddr.js" "1.9.1"
  
  "psl@^1.1.28", "psl@^1.1.33":
    "integrity" "sha512-RIdOzyoavK+hA18OGGWDqUTsCLhtA7IcZ/6NCs4fFJaHBDab+pDDmDIByWFRQJq2Cd7r1OoQxBGKOaztq+hjIQ=="
    "resolved" "https://registry.npmjs.org/psl/-/psl-1.8.0.tgz"
    "version" "1.8.0"
  
  "pump@^3.0.0":
    "integrity" "sha512-LwZy+p3SFs1Pytd/jYct4wpv49HiYCqd9Rlc5ZVdk0V+8Yzv6jR5Blk3TRmPL1ft69TxP0IMZGJ+WPFU2BFhww=="
    "resolved" "https://registry.npmjs.org/pump/-/pump-3.0.0.tgz"
    "version" "3.0.0"
    dependencies:
      "end-of-stream" "^1.1.0"
      "once" "^1.3.1"
  
  "punycode@^2.1.0", "punycode@^2.1.1":
    "integrity" "sha512-XRsRjdf+j5ml+y/6GKHPZbrF/8p2Yga0JPtdqTIY2Xe5ohJPD9saDJJLPvp9+NSBprVvevdXZybnj2cv8OEd0A=="
    "resolved" "https://registry.npmjs.org/punycode/-/punycode-2.1.1.tgz"
    "version" "2.1.1"
  
  "qs@^6.7.0", "qs@6.7.0":
    "integrity" "sha512-VCdBRNFTX1fyE7Nb6FYoURo/SPe62QCaAyzJvUjwRaIsc+NePBEniHlvxFmmX56+HZphIGtV0XeCirBtpDrTyQ=="
    "resolved" "https://registry.npmjs.org/qs/-/qs-6.7.0.tgz"
    "version" "6.7.0"
  
  "range-parser@~1.2.1":
    "integrity" "sha512-Hrgsx+orqoygnmhFbKaHE6c296J+HTAQXoxEF6gNupROmmGJRoyzfG3ccAveqCBrwr/2yxQ5BVd/GTl5agOwSg=="
    "resolved" "https://registry.npmjs.org/range-parser/-/range-parser-1.2.1.tgz"
    "version" "1.2.1"
  
  "raw-body@2.4.0":
    "integrity" "sha512-4Oz8DUIwdvoa5qMJelxipzi/iJIi40O5cGV1wNYp5hvZP8ZN0T+jiNkL0QepXs+EsQ9XJ8ipEDoiH70ySUJP3Q=="
    "resolved" "https://registry.npmjs.org/raw-body/-/raw-body-2.4.0.tgz"
    "version" "2.4.0"
    dependencies:
      "bytes" "3.1.0"
      "http-errors" "1.7.2"
      "iconv-lite" "0.4.24"
      "unpipe" "1.0.0"
  
  "rc@^1.2.7":
    "integrity" "sha512-y3bGgqKj3QBdxLbLkomlohkvsA8gdAiUQlSBJnBhfn+BPxg4bc62d8TcBW15wavDfgexCgccckhcZvywyQYPOw=="
    "resolved" "https://registry.npmjs.org/rc/-/rc-1.2.8.tgz"
    "version" "1.2.8"
    dependencies:
      "deep-extend" "^0.6.0"
      "ini" "~1.3.0"
      "minimist" "^1.2.0"
      "strip-json-comments" "~2.0.1"
  
  "readable-stream@^2.0.6":
    "integrity" "sha512-Ebho8K4jIbHAxnuxi7o42OrZgF/ZTNcsZj6nRKyUmkhLFq8CHItp/fy6hQZuZmP/n3yZ9VBUbp4zz/mX8hmYPw=="
    "resolved" "https://registry.npmjs.org/readable-stream/-/readable-stream-2.3.7.tgz"
    "version" "2.3.7"
    dependencies:
      "core-util-is" "~1.0.0"
      "inherits" "~2.0.3"
      "isarray" "~1.0.0"
      "process-nextick-args" "~2.0.0"
      "safe-buffer" "~5.1.1"
      "string_decoder" "~1.1.1"
      "util-deprecate" "~1.0.1"
  
  "readable-stream@^3.1.1", "readable-stream@^3.4.0", "readable-stream@^3.6.0":
    "integrity" "sha512-BViHy7LKeTz4oNnkcLJ+lVSL6vpiFeX6/d3oSH8zCW7UxP2onchk+vTGB143xuFjHS3deTgkKoXXymXqymiIdA=="
    "resolved" "https://registry.npmjs.org/readable-stream/-/readable-stream-3.6.0.tgz"
    "version" "3.6.0"
    dependencies:
      "inherits" "^2.0.3"
      "string_decoder" "^1.1.1"
      "util-deprecate" "^1.0.1"
  
  "requires-port@^1.0.0":
    "integrity" "sha1-kl0mAdOaxIXgkc8NpcbmlNw9yv8="
    "resolved" "https://registry.npmjs.org/requires-port/-/requires-port-1.0.0.tgz"
    "version" "1.0.0"
  
  "rfdc@^1.3.0":
    "integrity" "sha512-V2hovdzFbOi77/WajaSMXk2OLm+xNIeQdMMuB7icj7bk6zi2F8GGAxigcnDFpJHbNyNcgyJDiP+8nOrY5cZGrA=="
    "resolved" "https://registry.npmjs.org/rfdc/-/rfdc-1.3.0.tgz"
    "version" "1.3.0"
  
  "safe-buffer@^5.0.1", "safe-buffer@~5.1.0", "safe-buffer@~5.1.1", "safe-buffer@5.1.2":
    "integrity" "sha512-Gd2UZBJDkXlY7GbJxfsE8/nvKkUEU1G38c1siN6QP6a9PT9MmHB8GnpscSmMJSoF8LOIrt8ud/wPtojys4G6+g=="
    "resolved" "https://registry.npmjs.org/safe-buffer/-/safe-buffer-5.1.2.tgz"
    "version" "5.1.2"
  
  "safe-buffer@~5.2.0":
    "integrity" "sha512-rp3So07KcdmmKbGvgaNxQSJr7bGVSVk5S9Eq1F+ppbRo70+YeaDxkw5Dd8NPN+GD6bjnYm2VuPuCXmpuYvmCXQ=="
    "resolved" "https://registry.npmjs.org/safe-buffer/-/safe-buffer-5.2.1.tgz"
    "version" "5.2.1"
  
  "safer-buffer@>= 2.1.2 < 3", "safer-buffer@>= 2.1.2 < 3.0.0":
    "integrity" "sha512-YZo3K82SD7Riyi0E1EQPojLz7kpepnSQI9IyPbHHg1XXXevb5dJI7tpyN2ADxGcQbHG7vcyRHk0cbwqcQriUtg=="
    "resolved" "https://registry.npmjs.org/safer-buffer/-/safer-buffer-2.1.2.tgz"
    "version" "2.1.2"
  
  "sax@>=0.6.0":
    "integrity" "sha512-NqVDv9TpANUjFm0N8uM5GxL36UgKi9/atZw+x7YFnQ8ckwFGKrl4xX4yWtrey3UJm5nP1kUbnYgLopqWNSRhWw=="
    "resolved" "https://registry.npmjs.org/sax/-/sax-1.2.4.tgz"
    "version" "1.2.4"
  
  "semver@^5.4.1", "semver@^5.6.0":
    "integrity" "sha512-sauaDf/PZdVgrLTNYHRtpXa1iRiKcaebiKQ1BJdpQlWH2lCvexQdX55snPFyK7QzpudqbCI0qXFfOasHdyNDGQ=="
    "resolved" "https://registry.npmjs.org/semver/-/semver-5.7.1.tgz"
    "version" "5.7.1"
  
  "semver@^6.3.0":
    "integrity" "sha512-b39TBaTSfV6yBrapU89p5fKekE2m/NwnDocOVruQFS1/veMgdzuPcnOM34M6CwxW8jH/lxEa5rBoDeUwu5HHTw=="
    "resolved" "https://registry.npmjs.org/semver/-/semver-6.3.0.tgz"
    "version" "6.3.0"
  
  "send@0.17.1":
    "integrity" "sha512-BsVKsiGcQMFwT8UxypobUKyv7irCNRHk1T0G680vk88yf6LBByGcZJOTJCrTP2xVN6yI+XjPJcNuE3V4fT9sAg=="
    "resolved" "https://registry.npmjs.org/send/-/send-0.17.1.tgz"
    "version" "0.17.1"
    dependencies:
      "debug" "2.6.9"
      "depd" "~1.1.2"
      "destroy" "~1.0.4"
      "encodeurl" "~1.0.2"
      "escape-html" "~1.0.3"
      "etag" "~1.8.1"
      "fresh" "0.5.2"
      "http-errors" "~1.7.2"
      "mime" "1.6.0"
      "ms" "2.1.1"
      "on-finished" "~2.3.0"
      "range-parser" "~1.2.1"
      "statuses" "~1.5.0"
  
  "serve-static@1.14.1":
    "integrity" "sha512-JMrvUwE54emCYWlTI+hGrGv5I8dEwmco/00EvkzIIsR7MqrHonbD9pO2MOfFnpFntl7ecpZs+3mW+XbQZu9QCg=="
    "resolved" "https://registry.npmjs.org/serve-static/-/serve-static-1.14.1.tgz"
    "version" "1.14.1"
    dependencies:
      "encodeurl" "~1.0.2"
      "escape-html" "~1.0.3"
      "parseurl" "~1.3.3"
      "send" "0.17.1"
  
  "set-blocking@~2.0.0":
    "integrity" "sha1-BF+XgtARrppoA93TgrJDkrPYkPc="
    "resolved" "https://registry.npmjs.org/set-blocking/-/set-blocking-2.0.0.tgz"
    "version" "2.0.0"
  
  "setprototypeof@1.1.1":
    "integrity" "sha512-JvdAWfbXeIGaZ9cILp38HntZSFSo3mWg6xGcJJsd+d4aRMOqauag1C63dJfDw7OaMYwEbHMOxEZ1lqVRYP2OAw=="
    "resolved" "https://registry.npmjs.org/setprototypeof/-/setprototypeof-1.1.1.tgz"
    "version" "1.1.1"
  
  "signal-exit@^3.0.0":
    "integrity" "sha512-VUJ49FC8U1OxwZLxIbTTrDvLnf/6TDgxZcK8wxR8zs13xpx7xbG60ndBlhNrFi2EMuFRoeDoJO7wthSLq42EjA=="
    "resolved" "https://registry.npmjs.org/signal-exit/-/signal-exit-3.0.3.tgz"
    "version" "3.0.3"
  
  "simple-concat@^1.0.0":
    "integrity" "sha512-cSFtAPtRhljv69IK0hTVZQ+OfE9nePi/rtJmw5UjHeVyVroEqJXP1sFztKUy1qU+xvz3u/sfYJLa947b7nAN2Q=="
    "resolved" "https://registry.npmjs.org/simple-concat/-/simple-concat-1.0.1.tgz"
    "version" "1.0.1"
  
  "simple-get@^3.0.3":
    "integrity" "sha512-bCR6cP+aTdScaQCnQKbPKtJOKDp/hj9EDLJo3Nw4y1QksqaovlW/bnptB6/c1e+qmNIDHRK+oXFDdEqBT8WzUA=="
    "resolved" "https://registry.npmjs.org/simple-get/-/simple-get-3.1.0.tgz"
    "version" "3.1.0"
    dependencies:
      "decompress-response" "^4.2.0"
      "once" "^1.3.1"
      "simple-concat" "^1.0.0"
  
  "source-map@^0.5.0":
    "integrity" "sha1-igOdLRAh0i0eoUyA2OpGi6LvP8w="
    "resolved" "https://registry.npmjs.org/source-map/-/source-map-0.5.7.tgz"
    "version" "0.5.7"
  
  "sprintf-js@^1.1.2":
    "integrity" "sha512-VE0SOVEHCk7Qc8ulkWw3ntAzXuqf7S2lvwQaDLRnUeIEaKNQJzV6BwmLKhOqT61aGhfUMrXeaBk+oDGCzvhcug=="
    "resolved" "https://registry.npmjs.org/sprintf-js/-/sprintf-js-1.1.2.tgz"
    "version" "1.1.2"
  
  "statuses@>= 1.5.0 < 2", "statuses@~1.5.0":
    "integrity" "sha1-Fhx9rBd2Wf2YEfQ3cfqZOBR4Yow="
    "resolved" "https://registry.npmjs.org/statuses/-/statuses-1.5.0.tgz"
    "version" "1.5.0"
  
  "stoppable@^1.1.0":
    "integrity" "sha512-KXDYZ9dszj6bzvnEMRYvxgeTHU74QBFL54XKtP3nyMuJ81CFYtABZ3bAzL2EdFUaEwJOBOgENyFj3R7oTzDyyw=="
    "resolved" "https://registry.npmjs.org/stoppable/-/stoppable-1.1.0.tgz"
    "version" "1.1.0"
  
  "string_decoder@^1.1.1":
    "integrity" "sha512-hkRX8U1WjJFd8LsDJ2yQ/wWWxaopEsABU1XfkM8A+j0+85JAGppt16cr1Whg6KIbb4okU6Mql6BOj+uup/wKeA=="
    "resolved" "https://registry.npmjs.org/string_decoder/-/string_decoder-1.3.0.tgz"
    "version" "1.3.0"
    dependencies:
      "safe-buffer" "~5.2.0"
  
  "string_decoder@~1.1.1":
    "integrity" "sha512-n/ShnvDi6FHbbVfviro+WojiFzv+s8MPMHBczVePfUpDJLwoLT0ht1l4YwBCbi8pJAveEEdnkHyPyTP/mzRfwg=="
    "resolved" "https://registry.npmjs.org/string_decoder/-/string_decoder-1.1.1.tgz"
    "version" "1.1.1"
    dependencies:
      "safe-buffer" "~5.1.0"
  
  "string-width@^1.0.1", "string-width@^1.0.2 || 2":
    "integrity" "sha1-EYvfW4zcUaKn5w0hHgfisLmxB9M="
    "resolved" "https://registry.npmjs.org/string-width/-/string-width-1.0.2.tgz"
    "version" "1.0.2"
    dependencies:
      "code-point-at" "^1.0.0"
      "is-fullwidth-code-point" "^1.0.0"
      "strip-ansi" "^3.0.0"
  
  "strip-ansi@^3.0.0", "strip-ansi@^3.0.1":
    "integrity" "sha1-ajhfuIU9lS1f8F0Oiq+UJ43GPc8="
    "resolved" "https://registry.npmjs.org/strip-ansi/-/strip-ansi-3.0.1.tgz"
    "version" "3.0.1"
    dependencies:
      "ansi-regex" "^2.0.0"
  
  "strip-json-comments@~2.0.1":
    "integrity" "sha1-PFMZQukIwml8DsNEhYwobHygpgo="
    "resolved" "https://registry.npmjs.org/strip-json-comments/-/strip-json-comments-2.0.1.tgz"
    "version" "2.0.1"
  
  "supports-color@^5.3.0":
    "integrity" "sha512-QjVjwdXIt408MIiAqCX4oUKsgU2EqAGzs2Ppkm4aQYbjm+ZEWEcW4SfFNTr4uMNZma0ey4f5lgLrkB0aX0QMow=="
    "resolved" "https://registry.npmjs.org/supports-color/-/supports-color-5.5.0.tgz"
    "version" "5.5.0"
    dependencies:
      "has-flag" "^3.0.0"
  
  "tar-fs@^2.0.0":
    "integrity" "sha512-V0r2Y9scmbDRLCNex/+hYzvp/zyYjvFbHPNgVTKfQvVrb6guiE/fxP+XblDNR011utopbkex2nM4dHNV6GDsng=="
    "resolved" "https://registry.npmjs.org/tar-fs/-/tar-fs-2.1.1.tgz"
    "version" "2.1.1"
    dependencies:
      "chownr" "^1.1.1"
      "mkdirp-classic" "^0.5.2"
      "pump" "^3.0.0"
      "tar-stream" "^2.1.4"
  
  "tar-stream@^2.1.4":
    "integrity" "sha512-ujeqbceABgwMZxEJnk2HDY2DlnUZ+9oEcb1KzTVfYHio0UE6dG71n60d8D2I4qNvleWrrXpmjpt7vZeF1LnMZQ=="
    "resolved" "https://registry.npmjs.org/tar-stream/-/tar-stream-2.2.0.tgz"
    "version" "2.2.0"
    dependencies:
      "bl" "^4.0.3"
      "end-of-stream" "^1.4.1"
      "fs-constants" "^1.0.0"
      "inherits" "^2.0.3"
      "readable-stream" "^3.1.1"
  
  "tarn@^3.0.1":
    "integrity" "sha512-6usSlV9KyHsspvwu2duKH+FMUhqJnAh6J5J/4MITl8s94iSUQTLkJggdiewKv4RyARQccnigV48Z+khiuVZDJw=="
    "resolved" "https://registry.npmjs.org/tarn/-/tarn-3.0.1.tgz"
    "version" "3.0.1"
  
  "tedious@^11.0.7", "tedious@^11.0.9":
    "integrity" "sha512-VEIDlPYQNp9Mct0LDFV5O4cihyq/7D+UU0WH6973+NnQZessYe3CFggHeyfKRw2Dx8AQtWB6tOg4misKiG2mpg=="
    "resolved" "https://registry.npmjs.org/tedious/-/tedious-11.0.9.tgz"
    "version" "11.0.9"
    dependencies:
      "@azure/identity" "^1.3.0"
      "@azure/keyvault-keys" "^4.1.0"
      "@azure/ms-rest-nodeauth" "^3.0.6"
      "@js-joda/core" "^3.2.0"
      "adal-node" "^0.2.1"
      "bl" "^4.0.3"
      "depd" "^2.0.0"
      "iconv-lite" "^0.6.2"
      "jsbi" "^3.1.4"
      "native-duplexpair" "^1.0.0"
      "node-abort-controller" "^1.1.0"
      "punycode" "^2.1.0"
      "readable-stream" "^3.6.0"
      "sprintf-js" "^1.1.2"
  
  "to-fast-properties@^2.0.0":
    "integrity" "sha1-3F5pjL0HkmW8c+A3doGk5Og/YW4="
    "resolved" "https://registry.npmjs.org/to-fast-properties/-/to-fast-properties-2.0.0.tgz"
    "version" "2.0.0"
  
  "to-regex-range@^5.0.1":
    "integrity" "sha512-65P7iz6X5yEr1cwcgvQxbbIw7Uk3gOy5dIdtZ4rDveLqhrdJP+Li/Hx6tyK0NEb+2GCyneCMJiGqrADCSNk8sQ=="
    "resolved" "https://registry.npmjs.org/to-regex-range/-/to-regex-range-5.0.1.tgz"
    "version" "5.0.1"
    dependencies:
      "is-number" "^7.0.0"
  
  "toidentifier@1.0.0":
    "integrity" "sha512-yaOH/Pk/VEhBWWTlhI+qXxDFXlejDGcQipMlyxda9nthulaxLZUNcUqFxokp0vcYnvteJln5FNQDRrxj3YcbVw=="
    "resolved" "https://registry.npmjs.org/toidentifier/-/toidentifier-1.0.0.tgz"
    "version" "1.0.0"
  
  "tough-cookie@^3.0.1":
    "integrity" "sha512-yQyJ0u4pZsv9D4clxO69OEjLWYw+jbgspjTue4lTQZLfV0c5l1VmK2y1JK8E9ahdpltPOaAThPcp5nKPUgSnsg=="
    "resolved" "https://registry.npmjs.org/tough-cookie/-/tough-cookie-3.0.1.tgz"
    "version" "3.0.1"
    dependencies:
      "ip-regex" "^2.1.0"
      "psl" "^1.1.28"
      "punycode" "^2.1.1"
  
  "tough-cookie@^4.0.0":
    "integrity" "sha512-tHdtEpQCMrc1YLrMaqXXcj6AxhYi/xgit6mZu1+EDWUn+qhUf8wMQoFIy9NXuq23zAwtcB0t/MjACGR18pcRbg=="
    "resolved" "https://registry.npmjs.org/tough-cookie/-/tough-cookie-4.0.0.tgz"
    "version" "4.0.0"
    dependencies:
      "psl" "^1.1.33"
      "punycode" "^2.1.1"
      "universalify" "^0.1.2"
  
  "tslib@^1.10.0":
    "integrity" "sha512-Xni35NKzjgMrwevysHTCArtLDpPvye8zV/0E4EyYn43P7/7qvQwPh9BGkHewbMulVntbigmcT7rdX3BNo9wRJg=="
    "resolved" "https://registry.npmjs.org/tslib/-/tslib-1.14.1.tgz"
    "version" "1.14.1"
  
  "tslib@^1.9.3":
    "integrity" "sha512-Xni35NKzjgMrwevysHTCArtLDpPvye8zV/0E4EyYn43P7/7qvQwPh9BGkHewbMulVntbigmcT7rdX3BNo9wRJg=="
    "resolved" "https://registry.npmjs.org/tslib/-/tslib-1.14.1.tgz"
    "version" "1.14.1"
  
  "tslib@^2.0.0", "tslib@^2.2.0":
    "integrity" "sha512-N82ooyxVNm6h1riLCoyS9e3fuJ3AMG2zIZs2Gd1ATcSFjSA23Q0fzjjZeh0jbJvWVDZ0cJT8yaNNaaXHzueNjg=="
    "resolved" "https://registry.npmjs.org/tslib/-/tslib-2.3.0.tgz"
    "version" "2.3.0"
  
  "tunnel-agent@^0.6.0":
    "integrity" "sha1-J6XeoGs2sEoKmWZ3SykIaPD8QP0="
    "resolved" "https://registry.npmjs.org/tunnel-agent/-/tunnel-agent-0.6.0.tgz"
    "version" "0.6.0"
    dependencies:
      "safe-buffer" "^5.0.1"
  
  "tunnel@^0.0.6", "tunnel@0.0.6":
    "integrity" "sha512-1h/Lnq9yajKY2PEbBadPXj3VxsDDu844OnaAo52UVmIzIvwwtBPIuNvkjuzBlTWpfJyUbG3ez0KSBibQkj4ojg=="
    "resolved" "https://registry.npmjs.org/tunnel/-/tunnel-0.0.6.tgz"
    "version" "0.0.6"
  
  "type-is@~1.6.17", "type-is@~1.6.18":
    "integrity" "sha512-TkRKr9sUTxEH8MdfuCSP7VizJyzRNMjj2J2do2Jr3Kym598JVdEksuzPQCnlFPW4ky9Q+iA+ma9BGm06XQBy8g=="
    "resolved" "https://registry.npmjs.org/type-is/-/type-is-1.6.18.tgz"
    "version" "1.6.18"
    dependencies:
      "media-typer" "0.3.0"
      "mime-types" "~2.1.24"
  
  "underscore@>= 1.3.1":
    "integrity" "sha512-hzSoAVtJF+3ZtiFX0VgfFPHEDRm7Y/QPjGyNo4TVdnDTdft3tr8hEkD25a1jC+TjTuE7tkHGKkhwCgs9dgBB2g=="
    "resolved" "https://registry.npmjs.org/underscore/-/underscore-1.13.1.tgz"
    "version" "1.13.1"
  
  "universalify@^0.1.2":
    "integrity" "sha512-rBJeI5CXAlmy1pV+617WB9J63U6XcazHHF2f2dbJix4XzpUF0RS3Zbj0FGIOCAva5P/d/GBOYaACQ1w+0azUkg=="
    "resolved" "https://registry.npmjs.org/universalify/-/universalify-0.1.2.tgz"
    "version" "0.1.2"
  
  "unpipe@~1.0.0", "unpipe@1.0.0":
    "integrity" "sha1-sr9O6FFKrmFltIF4KdIbLvSZBOw="
    "resolved" "https://registry.npmjs.org/unpipe/-/unpipe-1.0.0.tgz"
    "version" "1.0.0"
  
  "util-deprecate@^1.0.1", "util-deprecate@~1.0.1":
    "integrity" "sha1-RQ1Nyfpw3nMnYvvS1KKJgUGaDM8="
    "resolved" "https://registry.npmjs.org/util-deprecate/-/util-deprecate-1.0.2.tgz"
    "version" "1.0.2"
  
  "utils-merge@1.0.1":
    "integrity" "sha1-n5VxD1CiZ5R7LMwSR0HBAoQn5xM="
    "resolved" "https://registry.npmjs.org/utils-merge/-/utils-merge-1.0.1.tgz"
    "version" "1.0.1"
  
  "uuid@^3.1.0":
    "integrity" "sha512-HjSDRw6gZE5JMggctHBcjVak08+KEVhSIiDzFnT9S9aegmp85S/bReBVTb4QTFaRNptJ9kuYaNhnbNEOkbKb/A=="
    "resolved" "https://registry.npmjs.org/uuid/-/uuid-3.4.0.tgz"
    "version" "3.4.0"
  
  "uuid@^3.3.2":
    "integrity" "sha512-HjSDRw6gZE5JMggctHBcjVak08+KEVhSIiDzFnT9S9aegmp85S/bReBVTb4QTFaRNptJ9kuYaNhnbNEOkbKb/A=="
    "resolved" "https://registry.npmjs.org/uuid/-/uuid-3.4.0.tgz"
    "version" "3.4.0"
  
  "uuid@^8.3.0":
    "integrity" "sha512-+NYs2QeMWy+GWFOEm9xnn6HCDp0l7QBD7ml8zLUmJ+93Q5NF0NocErnwkTkXVFNiX3/fpC6afS8Dhb/gz7R7eg=="
    "resolved" "https://registry.npmjs.org/uuid/-/uuid-8.3.2.tgz"
    "version" "8.3.2"
  
  "vary@~1.1.2":
    "integrity" "sha1-IpnwLG3tMNSllhsLn3RSShj2NPw="
    "resolved" "https://registry.npmjs.org/vary/-/vary-1.1.2.tgz"
    "version" "1.1.2"
  
  "wide-align@^1.1.0":
    "integrity" "sha512-QGkOQc8XL6Bt5PwnsExKBPuMKBxnGxWWW3fU55Xt4feHozMUhdUMaBCk290qpm/wG5u/RSKzwdAC4i51YigihA=="
    "resolved" "https://registry.npmjs.org/wide-align/-/wide-align-1.1.3.tgz"
    "version" "1.1.3"
    dependencies:
      "string-width" "^1.0.2 || 2"
  
  "wrappy@1":
    "integrity" "sha1-tSQ9jz7BqjXxNkYFvA0QNuMKtp8="
    "resolved" "https://registry.npmjs.org/wrappy/-/wrappy-1.0.2.tgz"
    "version" "1.0.2"
  
  "xml2js@^0.4.19":
    "integrity" "sha512-ySPiMjM0+pLDftHgXY4By0uswI3SPKLDw/i3UXbnO8M/p28zqexCUoPmQFrYD+/1BzhGJSs2i1ERWKJAtiLrug=="
    "resolved" "https://registry.npmjs.org/xml2js/-/xml2js-0.4.23.tgz"
    "version" "0.4.23"
    dependencies:
      "sax" ">=0.6.0"
      "xmlbuilder" "~11.0.0"
  
  "xmlbuilder@~11.0.0":
    "integrity" "sha512-fDlsI/kFEx7gLvbecc0/ohLG50fugQp8ryHzMTuW9vSa1GJ0XYWKnhsUx7oie3G98+r56aTQIUB4kht42R3JvA=="
    "resolved" "https://registry.npmjs.org/xmlbuilder/-/xmlbuilder-11.0.1.tgz"
    "version" "11.0.1"
  
  "xmldom@>= 0.1.x":
    "integrity" "sha512-iAcin401y58LckRZ0TkI4k0VSM1Qg0KGSc3i8rU+xrxe19A/BN1zHyVSJY7uoutVlaTSzYyk/v5AmkewAP7jtg=="
    "resolved" "https://registry.npmjs.org/xmldom/-/xmldom-0.6.0.tgz"
    "version" "0.6.0"
  
  "xpath.js@~1.1.0":
    "integrity" "sha512-jg+qkfS4K8E7965sqaUl8mRngXiKb3WZGfONgE18pr03FUQiuSV6G+Ej4tS55B+rIQSFEIw3phdVAQ4pPqNWfQ=="
    "resolved" "https://registry.npmjs.org/xpath.js/-/xpath.js-1.1.0.tgz"
    "version" "1.1.0"
